Start testing: Apr 17 16:41 CST
----------------------------------------------------------
1/224 Testing: chest_test_dl_cellid0
1/224 Test: chest_test_dl_cellid0
Command: "/home/wantong/srsLTE/build/lib/src/phy/ch_estimation/test/chest_test_dl" "-c" "0" "-r" "50"
Directory: /home/wantong/srsLTE/build/lib/src/phy/ch_estimation/test
"chest_test_dl_cellid0" start time: Apr 17 16:41 CST
Output:
----------------------------------------------------------
CHEST: 16.850000 us
CHEQ-ZF: 5.870000 us
MSE: 1.711831
CHEQ-MMSE: 5.680000 us
MSE: 1.711831
OK
<end of output>
Test time =   0.02 sec
----------------------------------------------------------
Test Passed.
"chest_test_dl_cellid0" end time: Apr 17 16:41 CST
"chest_test_dl_cellid0" time elapsed: 00:00:00
----------------------------------------------------------

2/224 Testing: chest_test_dl_cellid1
2/224 Test: chest_test_dl_cellid1
Command: "/home/wantong/srsLTE/build/lib/src/phy/ch_estimation/test/chest_test_dl" "-c" "1" "-r" "50"
Directory: /home/wantong/srsLTE/build/lib/src/phy/ch_estimation/test
"chest_test_dl_cellid1" start time: Apr 17 16:41 CST
Output:
----------------------------------------------------------
CHEST: 33.430000 us
CHEQ-ZF: 5.150000 us
MSE: 1.711824
CHEQ-MMSE: 4.940000 us
MSE: 1.711824
OK
<end of output>
Test time =   0.01 sec
----------------------------------------------------------
Test Passed.
"chest_test_dl_cellid1" end time: Apr 17 16:41 CST
"chest_test_dl_cellid1" time elapsed: 00:00:00
----------------------------------------------------------

3/224 Testing: chest_test_dl_cellid2
3/224 Test: chest_test_dl_cellid2
Command: "/home/wantong/srsLTE/build/lib/src/phy/ch_estimation/test/chest_test_dl" "-c" "2" "-r" "50"
Directory: /home/wantong/srsLTE/build/lib/src/phy/ch_estimation/test
"chest_test_dl_cellid2" start time: Apr 17 16:41 CST
Output:
----------------------------------------------------------
CHEST: 16.420000 us
CHEQ-ZF: 5.170000 us
MSE: 1.711819
CHEQ-MMSE: 4.970000 us
MSE: 1.711819
OK
<end of output>
Test time =   0.01 sec
----------------------------------------------------------
Test Passed.
"chest_test_dl_cellid2" end time: Apr 17 16:41 CST
"chest_test_dl_cellid2" time elapsed: 00:00:00
----------------------------------------------------------

4/224 Testing: chest_test_ul_cellid0
4/224 Test: chest_test_ul_cellid0
Command: "/home/wantong/srsLTE/build/lib/src/phy/ch_estimation/test/chest_test_ul" "-c" "0" "-r" "50"
Directory: /home/wantong/srsLTE/build/lib/src/phy/ch_estimation/test
"chest_test_ul_cellid0" start time: Apr 17 16:41 CST
Output:
----------------------------------------------------------
max_cid=0, cid=0, cell.id=0
cid=10
OK
<end of output>
Test time =   0.18 sec
----------------------------------------------------------
Test Passed.
"chest_test_ul_cellid0" end time: Apr 17 16:41 CST
"chest_test_ul_cellid0" time elapsed: 00:00:00
----------------------------------------------------------

5/224 Testing: chest_test_ul_cellid1
5/224 Test: chest_test_ul_cellid1
Command: "/home/wantong/srsLTE/build/lib/src/phy/ch_estimation/test/chest_test_ul" "-c" "2" "-r" "50"
Directory: /home/wantong/srsLTE/build/lib/src/phy/ch_estimation/test
"chest_test_ul_cellid1" start time: Apr 17 16:41 CST
Output:
----------------------------------------------------------
max_cid=2, cid=2, cell.id=2
cid=12
OK
<end of output>
Test time =   0.18 sec
----------------------------------------------------------
Test Passed.
"chest_test_ul_cellid1" end time: Apr 17 16:41 CST
"chest_test_ul_cellid1" time elapsed: 00:00:00
----------------------------------------------------------

6/224 Testing: rm_conv_test_1
6/224 Test: rm_conv_test_1
Command: "/home/wantong/srsLTE/build/lib/src/phy/fec/test/rm_conv_test" "-t" "480" "-r" "1920"
Directory: /home/wantong/srsLTE/build/lib/src/phy/fec/test
"rm_conv_test_1" start time: Apr 17 16:41 CST
Output:
----------------------------------------------------------
Ok
<end of output>
Test time =   0.00 sec
----------------------------------------------------------
Test Passed.
"rm_conv_test_1" end time: Apr 17 16:41 CST
"rm_conv_test_1" time elapsed: 00:00:00
----------------------------------------------------------

7/224 Testing: rm_conv_test_2
7/224 Test: rm_conv_test_2
Command: "/home/wantong/srsLTE/build/lib/src/phy/fec/test/rm_conv_test" "-t" "1920" "-r" "480"
Directory: /home/wantong/srsLTE/build/lib/src/phy/fec/test
"rm_conv_test_2" start time: Apr 17 16:41 CST
Output:
----------------------------------------------------------
Ok
<end of output>
Test time =   0.00 sec
----------------------------------------------------------
Test Passed.
"rm_conv_test_2" end time: Apr 17 16:41 CST
"rm_conv_test_2" time elapsed: 00:00:00
----------------------------------------------------------

8/224 Testing: rm_turbo_test_1
8/224 Test: rm_turbo_test_1
Command: "/home/wantong/srsLTE/build/lib/src/phy/fec/test/rm_turbo_test" "-e" "1920"
Directory: /home/wantong/srsLTE/build/lib/src/phy/fec/test
"rm_turbo_test_1" start time: Apr 17 16:41 CST
Output:
----------------------------------------------------------
checking cb_idx=  0 rv_idx=0...OK TX...OK RX
checking cb_idx=  0 rv_idx=1...OK TX...OK RX
checking cb_idx=  0 rv_idx=2...OK TX...OK RX
checking cb_idx=  0 rv_idx=3...OK TX...OK RX
checking cb_idx=  1 rv_idx=0...OK TX...OK RX
checking cb_idx=  1 rv_idx=1...OK TX...OK RX
checking cb_idx=  1 rv_idx=2...OK TX...OK RX
checking cb_idx=  1 rv_idx=3...OK TX...OK RX
checking cb_idx=  2 rv_idx=0...OK TX...OK RX
checking cb_idx=  2 rv_idx=1...OK TX...OK RX
checking cb_idx=  2 rv_idx=2...OK TX...OK RX
checking cb_idx=  2 rv_idx=3...OK TX...OK RX
checking cb_idx=  3 rv_idx=0...OK TX...OK RX
checking cb_idx=  3 rv_idx=1...OK TX...OK RX
checking cb_idx=  3 rv_idx=2...OK TX...OK RX
checking cb_idx=  3 rv_idx=3...OK TX...OK RX
checking cb_idx=  4 rv_idx=0...OK TX...OK RX
checking cb_idx=  4 rv_idx=1...OK TX...OK RX
checking cb_idx=  4 rv_idx=2...OK TX...OK RX
checking cb_idx=  4 rv_idx=3...OK TX...OK RX
checking cb_idx=  5 rv_idx=0...OK TX...OK RX
checking cb_idx=  5 rv_idx=1...OK TX...OK RX
checking cb_idx=  5 rv_idx=2...OK TX...OK RX
checking cb_idx=  5 rv_idx=3...OK TX...OK RX
checking cb_idx=  6 rv_idx=0...OK TX...OK RX
checking cb_idx=  6 rv_idx=1...OK TX...OK RX
checking cb_idx=  6 rv_idx=2...OK TX...OK RX
checking cb_idx=  6 rv_idx=3...OK TX...OK RX
checking cb_idx=  7 rv_idx=0...OK TX...OK RX
checking cb_idx=  7 rv_idx=1...OK TX...OK RX
checking cb_idx=  7 rv_idx=2...OK TX...OK RX
checking cb_idx=  7 rv_idx=3...OK TX...OK RX
checking cb_idx=  8 rv_idx=0...OK TX...OK RX
checking cb_idx=  8 rv_idx=1...OK TX...OK RX
checking cb_idx=  8 rv_idx=2...OK TX...OK RX
checking cb_idx=  8 rv_idx=3...OK TX...OK RX
checking cb_idx=  9 rv_idx=0...OK TX...OK RX
checking cb_idx=  9 rv_idx=1...OK TX...OK RX
checking cb_idx=  9 rv_idx=2...OK TX...OK RX
checking cb_idx=  9 rv_idx=3...OK TX...OK RX
checking cb_idx= 10 rv_idx=0...OK TX...OK RX
checking cb_idx= 10 rv_idx=1...OK TX...OK RX
checking cb_idx= 10 rv_idx=2...OK TX...OK RX
checking cb_idx= 10 rv_idx=3...OK TX...OK RX
checking cb_idx= 11 rv_idx=0...OK TX...OK RX
checking cb_idx= 11 rv_idx=1...OK TX...OK RX
checking cb_idx= 11 rv_idx=2...OK TX...OK RX
checking cb_idx= 11 rv_idx=3...OK TX...OK RX
checking cb_idx= 12 rv_idx=0...OK TX...OK RX
checking cb_idx= 12 rv_idx=1...OK TX...OK RX
checking cb_idx= 12 rv_idx=2...OK TX...OK RX
checking cb_idx= 12 rv_idx=3...OK TX...OK RX
checking cb_idx= 13 rv_idx=0...OK TX...OK RX
checking cb_idx= 13 rv_idx=1...OK TX...OK RX
checking cb_idx= 13 rv_idx=2...OK TX...OK RX
checking cb_idx= 13 rv_idx=3...OK TX...OK RX
checking cb_idx= 14 rv_idx=0...OK TX...OK RX
checking cb_idx= 14 rv_idx=1...OK TX...OK RX
checking cb_idx= 14 rv_idx=2...OK TX...OK RX
checking cb_idx= 14 rv_idx=3...OK TX...OK RX
checking cb_idx= 15 rv_idx=0...OK TX...OK RX
checking cb_idx= 15 rv_idx=1...OK TX...OK RX
checking cb_idx= 15 rv_idx=2...OK TX...OK RX
checking cb_idx= 15 rv_idx=3...OK TX...OK RX
checking cb_idx= 16 rv_idx=0...OK TX...OK RX
checking cb_idx= 16 rv_idx=1...OK TX...OK RX
checking cb_idx= 16 rv_idx=2...OK TX...OK RX
checking cb_idx= 16 rv_idx=3...OK TX...OK RX
checking cb_idx= 17 rv_idx=0...OK TX...OK RX
checking cb_idx= 17 rv_idx=1...OK TX...OK RX
checking cb_idx= 17 rv_idx=2...OK TX...OK RX
checking cb_idx= 17 rv_idx=3...OK TX...OK RX
checking cb_idx= 18 rv_idx=0...OK TX...OK RX
checking cb_idx= 18 rv_idx=1...OK TX...OK RX
checking cb_idx= 18 rv_idx=2...OK TX...OK RX
checking cb_idx= 18 rv_idx=3...OK TX...OK RX
checking cb_idx= 19 rv_idx=0...OK TX...OK RX
checking cb_idx= 19 rv_idx=1...OK TX...OK RX
checking cb_idx= 19 rv_idx=2...OK TX...OK RX
checking cb_idx= 19 rv_idx=3...OK TX...OK RX
checking cb_idx= 20 rv_idx=0...OK TX...OK RX
checking cb_idx= 20 rv_idx=1...OK TX...OK RX
checking cb_idx= 20 rv_idx=2...OK TX...OK RX
checking cb_idx= 20 rv_idx=3...OK TX...OK RX
checking cb_idx= 21 rv_idx=0...OK TX...OK RX
checking cb_idx= 21 rv_idx=1...OK TX...OK RX
checking cb_idx= 21 rv_idx=2...OK TX...OK RX
checking cb_idx= 21 rv_idx=3...OK TX...OK RX
checking cb_idx= 22 rv_idx=0...OK TX...OK RX
checking cb_idx= 22 rv_idx=1...OK TX...OK RX
checking cb_idx= 22 rv_idx=2...OK TX...OK RX
checking cb_idx= 22 rv_idx=3...OK TX...OK RX
checking cb_idx= 23 rv_idx=0...OK TX...OK RX
checking cb_idx= 23 rv_idx=1...OK TX...OK RX
checking cb_idx= 23 rv_idx=2...OK TX...OK RX
checking cb_idx= 23 rv_idx=3...OK TX...OK RX
checking cb_idx= 24 rv_idx=0...OK TX...OK RX
checking cb_idx= 24 rv_idx=1...OK TX...OK RX
checking cb_idx= 24 rv_idx=2...OK TX...OK RX
checking cb_idx= 24 rv_idx=3...OK TX...OK RX
checking cb_idx= 25 rv_idx=0...OK TX...OK RX
checking cb_idx= 25 rv_idx=1...OK TX...OK RX
checking cb_idx= 25 rv_idx=2...OK TX...OK RX
checking cb_idx= 25 rv_idx=3...OK TX...OK RX
checking cb_idx= 26 rv_idx=0...OK TX...OK RX
checking cb_idx= 26 rv_idx=1...OK TX...OK RX
checking cb_idx= 26 rv_idx=2...OK TX...OK RX
checking cb_idx= 26 rv_idx=3...OK TX...OK RX
checking cb_idx= 27 rv_idx=0...OK TX...OK RX
checking cb_idx= 27 rv_idx=1...OK TX...OK RX
checking cb_idx= 27 rv_idx=2...OK TX...OK RX
checking cb_idx= 27 rv_idx=3...OK TX...OK RX
checking cb_idx= 28 rv_idx=0...OK TX...OK RX
checking cb_idx= 28 rv_idx=1...OK TX...OK RX
checking cb_idx= 28 rv_idx=2...OK TX...OK RX
checking cb_idx= 28 rv_idx=3...OK TX...OK RX
checking cb_idx= 29 rv_idx=0...OK TX...OK RX
checking cb_idx= 29 rv_idx=1...OK TX...OK RX
checking cb_idx= 29 rv_idx=2...OK TX...OK RX
checking cb_idx= 29 rv_idx=3...OK TX...OK RX
checking cb_idx= 30 rv_idx=0...OK TX...OK RX
checking cb_idx= 30 rv_idx=1...OK TX...OK RX
checking cb_idx= 30 rv_idx=2...OK TX...OK RX
checking cb_idx= 30 rv_idx=3...OK TX...OK RX
checking cb_idx= 31 rv_idx=0...OK TX...OK RX
checking cb_idx= 31 rv_idx=1...OK TX...OK RX
checking cb_idx= 31 rv_idx=2...OK TX...OK RX
checking cb_idx= 31 rv_idx=3...OK TX...OK RX
checking cb_idx= 32 rv_idx=0...OK TX...OK RX
checking cb_idx= 32 rv_idx=1...OK TX...OK RX
checking cb_idx= 32 rv_idx=2...OK TX...OK RX
checking cb_idx= 32 rv_idx=3...OK TX...OK RX
checking cb_idx= 33 rv_idx=0...OK TX...OK RX
checking cb_idx= 33 rv_idx=1...OK TX...OK RX
checking cb_idx= 33 rv_idx=2...OK TX...OK RX
checking cb_idx= 33 rv_idx=3...OK TX...OK RX
checking cb_idx= 34 rv_idx=0...OK TX...OK RX
checking cb_idx= 34 rv_idx=1...OK TX...OK RX
checking cb_idx= 34 rv_idx=2...OK TX...OK RX
checking cb_idx= 34 rv_idx=3...OK TX...OK RX
checking cb_idx= 35 rv_idx=0...OK TX...OK RX
checking cb_idx= 35 rv_idx=1...OK TX...OK RX
checking cb_idx= 35 rv_idx=2...OK TX...OK RX
checking cb_idx= 35 rv_idx=3...OK TX...OK RX
checking cb_idx= 36 rv_idx=0...OK TX...OK RX
checking cb_idx= 36 rv_idx=1...OK TX...OK RX
checking cb_idx= 36 rv_idx=2...OK TX...OK RX
checking cb_idx= 36 rv_idx=3...OK TX...OK RX
checking cb_idx= 37 rv_idx=0...OK TX...OK RX
checking cb_idx= 37 rv_idx=1...OK TX...OK RX
checking cb_idx= 37 rv_idx=2...OK TX...OK RX
checking cb_idx= 37 rv_idx=3...OK TX...OK RX
checking cb_idx= 38 rv_idx=0...OK TX...OK RX
checking cb_idx= 38 rv_idx=1...OK TX...OK RX
checking cb_idx= 38 rv_idx=2...OK TX...OK RX
checking cb_idx= 38 rv_idx=3...OK TX...OK RX
checking cb_idx= 39 rv_idx=0...OK TX...OK RX
checking cb_idx= 39 rv_idx=1...OK TX...OK RX
checking cb_idx= 39 rv_idx=2...OK TX...OK RX
checking cb_idx= 39 rv_idx=3...OK TX...OK RX
checking cb_idx= 40 rv_idx=0...OK TX...OK RX
checking cb_idx= 40 rv_idx=1...OK TX...OK RX
checking cb_idx= 40 rv_idx=2...OK TX...OK RX
checking cb_idx= 40 rv_idx=3...OK TX...OK RX
checking cb_idx= 41 rv_idx=0...OK TX...OK RX
checking cb_idx= 41 rv_idx=1...OK TX...OK RX
checking cb_idx= 41 rv_idx=2...OK TX...OK RX
checking cb_idx= 41 rv_idx=3...OK TX...OK RX
checking cb_idx= 42 rv_idx=0...OK TX...OK RX
checking cb_idx= 42 rv_idx=1...OK TX...OK RX
checking cb_idx= 42 rv_idx=2...OK TX...OK RX
checking cb_idx= 42 rv_idx=3...OK TX...OK RX
checking cb_idx= 43 rv_idx=0...OK TX...OK RX
checking cb_idx= 43 rv_idx=1...OK TX...OK RX
checking cb_idx= 43 rv_idx=2...OK TX...OK RX
checking cb_idx= 43 rv_idx=3...OK TX...OK RX
checking cb_idx= 44 rv_idx=0...OK TX...OK RX
checking cb_idx= 44 rv_idx=1...OK TX...OK RX
checking cb_idx= 44 rv_idx=2...OK TX...OK RX
checking cb_idx= 44 rv_idx=3...OK TX...OK RX
checking cb_idx= 45 rv_idx=0...OK TX...OK RX
checking cb_idx= 45 rv_idx=1...OK TX...OK RX
checking cb_idx= 45 rv_idx=2...OK TX...OK RX
checking cb_idx= 45 rv_idx=3...OK TX...OK RX
checking cb_idx= 46 rv_idx=0...OK TX...OK RX
checking cb_idx= 46 rv_idx=1...OK TX...OK RX
checking cb_idx= 46 rv_idx=2...OK TX...OK RX
checking cb_idx= 46 rv_idx=3...OK TX...OK RX
checking cb_idx= 47 rv_idx=0...OK TX...OK RX
checking cb_idx= 47 rv_idx=1...OK TX...OK RX
checking cb_idx= 47 rv_idx=2...OK TX...OK RX
checking cb_idx= 47 rv_idx=3...OK TX...OK RX
checking cb_idx= 48 rv_idx=0...OK TX...OK RX
checking cb_idx= 48 rv_idx=1...OK TX...OK RX
checking cb_idx= 48 rv_idx=2...OK TX...OK RX
checking cb_idx= 48 rv_idx=3...OK TX...OK RX
checking cb_idx= 49 rv_idx=0...OK TX...OK RX
checking cb_idx= 49 rv_idx=1...OK TX...OK RX
checking cb_idx= 49 rv_idx=2...OK TX...OK RX
checking cb_idx= 49 rv_idx=3...OK TX...OK RX
checking cb_idx= 50 rv_idx=0...OK TX...OK RX
checking cb_idx= 50 rv_idx=1...OK TX...OK RX
checking cb_idx= 50 rv_idx=2...OK TX...OK RX
checking cb_idx= 50 rv_idx=3...OK TX...OK RX
checking cb_idx= 51 rv_idx=0...OK TX...OK RX
checking cb_idx= 51 rv_idx=1...OK TX...OK RX
checking cb_idx= 51 rv_idx=2...OK TX...OK RX
checking cb_idx= 51 rv_idx=3...OK TX...OK RX
checking cb_idx= 52 rv_idx=0...OK TX...OK RX
checking cb_idx= 52 rv_idx=1...OK TX...OK RX
checking cb_idx= 52 rv_idx=2...OK TX...OK RX
checking cb_idx= 52 rv_idx=3...OK TX...OK RX
checking cb_idx= 53 rv_idx=0...OK TX...OK RX
checking cb_idx= 53 rv_idx=1...OK TX...OK RX
checking cb_idx= 53 rv_idx=2...OK TX...OK RX
checking cb_idx= 53 rv_idx=3...OK TX...OK RX
checking cb_idx= 54 rv_idx=0...OK TX...OK RX
checking cb_idx= 54 rv_idx=1...OK TX...OK RX
checking cb_idx= 54 rv_idx=2...OK TX...OK RX
checking cb_idx= 54 rv_idx=3...OK TX...OK RX
checking cb_idx= 55 rv_idx=0...OK TX...OK RX
checking cb_idx= 55 rv_idx=1...OK TX...OK RX
checking cb_idx= 55 rv_idx=2...OK TX...OK RX
checking cb_idx= 55 rv_idx=3...OK TX...OK RX
checking cb_idx= 56 rv_idx=0...OK TX...OK RX
checking cb_idx= 56 rv_idx=1...OK TX...OK RX
checking cb_idx= 56 rv_idx=2...OK TX...OK RX
checking cb_idx= 56 rv_idx=3...OK TX...OK RX
checking cb_idx= 57 rv_idx=0...OK TX...OK RX
checking cb_idx= 57 rv_idx=1...OK TX...OK RX
checking cb_idx= 57 rv_idx=2...OK TX...OK RX
checking cb_idx= 57 rv_idx=3...OK TX...OK RX
checking cb_idx= 58 rv_idx=0...OK TX...OK RX
checking cb_idx= 58 rv_idx=1...OK TX...OK RX
checking cb_idx= 58 rv_idx=2...OK TX...OK RX
checking cb_idx= 58 rv_idx=3...OK TX...OK RX
checking cb_idx= 59 rv_idx=0...OK TX...OK RX
checking cb_idx= 59 rv_idx=1...OK TX...OK RX
checking cb_idx= 59 rv_idx=2...OK TX...OK RX
checking cb_idx= 59 rv_idx=3...OK TX...OK RX
checking cb_idx= 60 rv_idx=0...OK TX...OK RX
checking cb_idx= 60 rv_idx=1...OK TX...OK RX
checking cb_idx= 60 rv_idx=2...OK TX...OK RX
checking cb_idx= 60 rv_idx=3...OK TX...OK RX
checking cb_idx= 61 rv_idx=0...OK TX...OK RX
checking cb_idx= 61 rv_idx=1...OK TX...OK RX
checking cb_idx= 61 rv_idx=2...OK TX...OK RX
checking cb_idx= 61 rv_idx=3...OK TX...OK RX
checking cb_idx= 62 rv_idx=0...OK TX...OK RX
checking cb_idx= 62 rv_idx=1...OK TX...OK RX
checking cb_idx= 62 rv_idx=2...OK TX...OK RX
checking cb_idx= 62 rv_idx=3...OK TX...OK RX
checking cb_idx= 63 rv_idx=0...OK TX...OK RX
checking cb_idx= 63 rv_idx=1...OK TX...OK RX
checking cb_idx= 63 rv_idx=2...OK TX...OK RX
checking cb_idx= 63 rv_idx=3...OK TX...OK RX
checking cb_idx= 64 rv_idx=0...OK TX...OK RX
checking cb_idx= 64 rv_idx=1...OK TX...OK RX
checking cb_idx= 64 rv_idx=2...OK TX...OK RX
checking cb_idx= 64 rv_idx=3...OK TX...OK RX
checking cb_idx= 65 rv_idx=0...OK TX...OK RX
checking cb_idx= 65 rv_idx=1...OK TX...OK RX
checking cb_idx= 65 rv_idx=2...OK TX...OK RX
checking cb_idx= 65 rv_idx=3...OK TX...OK RX
checking cb_idx= 66 rv_idx=0...OK TX...OK RX
checking cb_idx= 66 rv_idx=1...OK TX...OK RX
checking cb_idx= 66 rv_idx=2...OK TX...OK RX
checking cb_idx= 66 rv_idx=3...OK TX...OK RX
checking cb_idx= 67 rv_idx=0...OK TX...OK RX
checking cb_idx= 67 rv_idx=1...OK TX...OK RX
checking cb_idx= 67 rv_idx=2...OK TX...OK RX
checking cb_idx= 67 rv_idx=3...OK TX...OK RX
checking cb_idx= 68 rv_idx=0...OK TX...OK RX
checking cb_idx= 68 rv_idx=1...OK TX...OK RX
checking cb_idx= 68 rv_idx=2...OK TX...OK RX
checking cb_idx= 68 rv_idx=3...OK TX...OK RX
checking cb_idx= 69 rv_idx=0...OK TX...OK RX
checking cb_idx= 69 rv_idx=1...OK TX...OK RX
checking cb_idx= 69 rv_idx=2...OK TX...OK RX
checking cb_idx= 69 rv_idx=3...OK TX...OK RX
checking cb_idx= 70 rv_idx=0...OK TX...OK RX
checking cb_idx= 70 rv_idx=1...OK TX...OK RX
checking cb_idx= 70 rv_idx=2...OK TX...OK RX
checking cb_idx= 70 rv_idx=3...OK TX...OK RX
checking cb_idx= 71 rv_idx=0...OK TX...OK RX
checking cb_idx= 71 rv_idx=1...OK TX...OK RX
checking cb_idx= 71 rv_idx=2...OK TX...OK RX
checking cb_idx= 71 rv_idx=3...OK TX...OK RX
checking cb_idx= 72 rv_idx=0...OK TX...OK RX
checking cb_idx= 72 rv_idx=1...OK TX...OK RX
checking cb_idx= 72 rv_idx=2...OK TX...OK RX
checking cb_idx= 72 rv_idx=3...OK TX...OK RX
checking cb_idx= 73 rv_idx=0...OK TX...OK RX
checking cb_idx= 73 rv_idx=1...OK TX...OK RX
checking cb_idx= 73 rv_idx=2...OK TX...OK RX
checking cb_idx= 73 rv_idx=3...OK TX...OK RX
checking cb_idx= 74 rv_idx=0...OK TX...OK RX
checking cb_idx= 74 rv_idx=1...OK TX...OK RX
checking cb_idx= 74 rv_idx=2...OK TX...OK RX
checking cb_idx= 74 rv_idx=3...OK TX...OK RX
checking cb_idx= 75 rv_idx=0...OK TX...OK RX
checking cb_idx= 75 rv_idx=1...OK TX...OK RX
checking cb_idx= 75 rv_idx=2...OK TX...OK RX
checking cb_idx= 75 rv_idx=3...OK TX...OK RX
checking cb_idx= 76 rv_idx=0...OK TX...OK RX
checking cb_idx= 76 rv_idx=1...OK TX...OK RX
checking cb_idx= 76 rv_idx=2...OK TX...OK RX
checking cb_idx= 76 rv_idx=3...OK TX...OK RX
checking cb_idx= 77 rv_idx=0...OK TX...OK RX
checking cb_idx= 77 rv_idx=1...OK TX...OK RX
checking cb_idx= 77 rv_idx=2...OK TX...OK RX
checking cb_idx= 77 rv_idx=3...OK TX...OK RX
checking cb_idx= 78 rv_idx=0...OK TX...OK RX
checking cb_idx= 78 rv_idx=1...OK TX...OK RX
checking cb_idx= 78 rv_idx=2...OK TX...OK RX
checking cb_idx= 78 rv_idx=3...OK TX...OK RX
checking cb_idx= 79 rv_idx=0...OK TX...OK RX
checking cb_idx= 79 rv_idx=1...OK TX...OK RX
checking cb_idx= 79 rv_idx=2...OK TX...OK RX
checking cb_idx= 79 rv_idx=3...OK TX...OK RX
checking cb_idx= 80 rv_idx=0...OK TX...OK RX
checking cb_idx= 80 rv_idx=1...OK TX...OK RX
checking cb_idx= 80 rv_idx=2...OK TX...OK RX
checking cb_idx= 80 rv_idx=3...OK TX...OK RX
checking cb_idx= 81 rv_idx=0...OK TX...OK RX
checking cb_idx= 81 rv_idx=1...OK TX...OK RX
checking cb_idx= 81 rv_idx=2...OK TX...OK RX
checking cb_idx= 81 rv_idx=3...OK TX...OK RX
checking cb_idx= 82 rv_idx=0...OK TX...OK RX
checking cb_idx= 82 rv_idx=1...OK TX...OK RX
checking cb_idx= 82 rv_idx=2...OK TX...OK RX
checking cb_idx= 82 rv_idx=3...OK TX...OK RX
checking cb_idx= 83 rv_idx=0...OK TX...OK RX
checking cb_idx= 83 rv_idx=1...OK TX...OK RX
checking cb_idx= 83 rv_idx=2...OK TX...OK RX
checking cb_idx= 83 rv_idx=3...OK TX...OK RX
checking cb_idx= 84 rv_idx=0...OK TX...OK RX
checking cb_idx= 84 rv_idx=1...OK TX...OK RX
checking cb_idx= 84 rv_idx=2...OK TX...OK RX
checking cb_idx= 84 rv_idx=3...OK TX...OK RX
checking cb_idx= 85 rv_idx=0...OK TX...OK RX
checking cb_idx= 85 rv_idx=1...OK TX...OK RX
checking cb_idx= 85 rv_idx=2...OK TX...OK RX
checking cb_idx= 85 rv_idx=3...OK TX...OK RX
checking cb_idx= 86 rv_idx=0...OK TX...OK RX
checking cb_idx= 86 rv_idx=1...OK TX...OK RX
checking cb_idx= 86 rv_idx=2...OK TX...OK RX
checking cb_idx= 86 rv_idx=3...OK TX...OK RX
checking cb_idx= 87 rv_idx=0...OK TX...OK RX
checking cb_idx= 87 rv_idx=1...OK TX...OK RX
checking cb_idx= 87 rv_idx=2...OK TX...OK RX
checking cb_idx= 87 rv_idx=3...OK TX...OK RX
checking cb_idx= 88 rv_idx=0...OK TX...OK RX
checking cb_idx= 88 rv_idx=1...OK TX...OK RX
checking cb_idx= 88 rv_idx=2...OK TX...OK RX
checking cb_idx= 88 rv_idx=3...OK TX...OK RX
checking cb_idx= 89 rv_idx=0...OK TX...OK RX
checking cb_idx= 89 rv_idx=1...OK TX...OK RX
checking cb_idx= 89 rv_idx=2...OK TX...OK RX
checking cb_idx= 89 rv_idx=3...OK TX...OK RX
checking cb_idx= 90 rv_idx=0...OK TX...OK RX
checking cb_idx= 90 rv_idx=1...OK TX...OK RX
checking cb_idx= 90 rv_idx=2...OK TX...OK RX
checking cb_idx= 90 rv_idx=3...OK TX...OK RX
checking cb_idx= 91 rv_idx=0...OK TX...OK RX
checking cb_idx= 91 rv_idx=1...OK TX...OK RX
checking cb_idx= 91 rv_idx=2...OK TX...OK RX
checking cb_idx= 91 rv_idx=3...OK TX...OK RX
checking cb_idx= 92 rv_idx=0...OK TX...OK RX
checking cb_idx= 92 rv_idx=1...OK TX...OK RX
checking cb_idx= 92 rv_idx=2...OK TX...OK RX
checking cb_idx= 92 rv_idx=3...OK TX...OK RX
checking cb_idx= 93 rv_idx=0...OK TX...OK RX
checking cb_idx= 93 rv_idx=1...OK TX...OK RX
checking cb_idx= 93 rv_idx=2...OK TX...OK RX
checking cb_idx= 93 rv_idx=3...OK TX...OK RX
checking cb_idx= 94 rv_idx=0...OK TX...OK RX
checking cb_idx= 94 rv_idx=1...OK TX...OK RX
checking cb_idx= 94 rv_idx=2...OK TX...OK RX
checking cb_idx= 94 rv_idx=3...OK TX...OK RX
checking cb_idx= 95 rv_idx=0...OK TX...OK RX
checking cb_idx= 95 rv_idx=1...OK TX...OK RX
checking cb_idx= 95 rv_idx=2...OK TX...OK RX
checking cb_idx= 95 rv_idx=3...OK TX...OK RX
checking cb_idx= 96 rv_idx=0...OK TX...OK RX
checking cb_idx= 96 rv_idx=1...OK TX...OK RX
checking cb_idx= 96 rv_idx=2...OK TX...OK RX
checking cb_idx= 96 rv_idx=3...OK TX...OK RX
checking cb_idx= 97 rv_idx=0...OK TX...OK RX
checking cb_idx= 97 rv_idx=1...OK TX...OK RX
checking cb_idx= 97 rv_idx=2...OK TX...OK RX
checking cb_idx= 97 rv_idx=3...OK TX...OK RX
checking cb_idx= 98 rv_idx=0...OK TX...OK RX
checking cb_idx= 98 rv_idx=1...OK TX...OK RX
checking cb_idx= 98 rv_idx=2...OK TX...OK RX
checking cb_idx= 98 rv_idx=3...OK TX...OK RX
checking cb_idx= 99 rv_idx=0...OK TX...OK RX
checking cb_idx= 99 rv_idx=1...OK TX...OK RX
checking cb_idx= 99 rv_idx=2...OK TX...OK RX
checking cb_idx= 99 rv_idx=3...OK TX...OK RX
checking cb_idx=100 rv_idx=0...OK TX...OK RX
checking cb_idx=100 rv_idx=1...OK TX...OK RX
checking cb_idx=100 rv_idx=2...OK TX...OK RX
checking cb_idx=100 rv_idx=3...OK TX...OK RX
checking cb_idx=101 rv_idx=0...OK TX...OK RX
checking cb_idx=101 rv_idx=1...OK TX...OK RX
checking cb_idx=101 rv_idx=2...OK TX...OK RX
checking cb_idx=101 rv_idx=3...OK TX...OK RX
checking cb_idx=102 rv_idx=0...OK TX...OK RX
checking cb_idx=102 rv_idx=1...OK TX...OK RX
checking cb_idx=102 rv_idx=2...OK TX...OK RX
checking cb_idx=102 rv_idx=3...OK TX...OK RX
checking cb_idx=103 rv_idx=0...OK TX...OK RX
checking cb_idx=103 rv_idx=1...OK TX...OK RX
checking cb_idx=103 rv_idx=2...OK TX...OK RX
checking cb_idx=103 rv_idx=3...OK TX...OK RX
checking cb_idx=104 rv_idx=0...OK TX...OK RX
checking cb_idx=104 rv_idx=1...OK TX...OK RX
checking cb_idx=104 rv_idx=2...OK TX...OK RX
checking cb_idx=104 rv_idx=3...OK TX...OK RX
checking cb_idx=105 rv_idx=0...OK TX...OK RX
checking cb_idx=105 rv_idx=1...OK TX...OK RX
checking cb_idx=105 rv_idx=2...OK TX...OK RX
checking cb_idx=105 rv_idx=3...OK TX...OK RX
checking cb_idx=106 rv_idx=0...OK TX...OK RX
checking cb_idx=106 rv_idx=1...OK TX...OK RX
checking cb_idx=106 rv_idx=2...OK TX...OK RX
checking cb_idx=106 rv_idx=3...OK TX...OK RX
checking cb_idx=107 rv_idx=0...OK TX...OK RX
checking cb_idx=107 rv_idx=1...OK TX...OK RX
checking cb_idx=107 rv_idx=2...OK TX...OK RX
checking cb_idx=107 rv_idx=3...OK TX...OK RX
checking cb_idx=108 rv_idx=0...OK TX...OK RX
checking cb_idx=108 rv_idx=1...OK TX...OK RX
checking cb_idx=108 rv_idx=2...OK TX...OK RX
checking cb_idx=108 rv_idx=3...OK TX...OK RX
checking cb_idx=109 rv_idx=0...OK TX...OK RX
checking cb_idx=109 rv_idx=1...OK TX...OK RX
checking cb_idx=109 rv_idx=2...OK TX...OK RX
checking cb_idx=109 rv_idx=3...OK TX...OK RX
checking cb_idx=110 rv_idx=0...OK TX...OK RX
checking cb_idx=110 rv_idx=1...OK TX...OK RX
checking cb_idx=110 rv_idx=2...OK TX...OK RX
checking cb_idx=110 rv_idx=3...OK TX...OK RX
checking cb_idx=111 rv_idx=0...OK TX...OK RX
checking cb_idx=111 rv_idx=1...OK TX...OK RX
checking cb_idx=111 rv_idx=2...OK TX...OK RX
checking cb_idx=111 rv_idx=3...OK TX...OK RX
checking cb_idx=112 rv_idx=0...OK TX...OK RX
checking cb_idx=112 rv_idx=1...OK TX...OK RX
checking cb_idx=112 rv_idx=2...OK TX...OK RX
checking cb_idx=112 rv_idx=3...OK TX...OK RX
checking cb_idx=113 rv_idx=0...OK TX...OK RX
checking cb_idx=113 rv_idx=1...OK TX...OK RX
checking cb_idx=113 rv_idx=2...OK TX...OK RX
checking cb_idx=113 rv_idx=3...OK TX...OK RX
checking cb_idx=114 rv_idx=0...OK TX...OK RX
checking cb_idx=114 rv_idx=1...OK TX...OK RX
checking cb_idx=114 rv_idx=2...OK TX...OK RX
checking cb_idx=114 rv_idx=3...OK TX...OK RX
checking cb_idx=115 rv_idx=0...OK TX...OK RX
checking cb_idx=115 rv_idx=1...OK TX...OK RX
checking cb_idx=115 rv_idx=2...OK TX...OK RX
checking cb_idx=115 rv_idx=3...OK TX...OK RX
checking cb_idx=116 rv_idx=0...OK TX...OK RX
checking cb_idx=116 rv_idx=1...OK TX...OK RX
checking cb_idx=116 rv_idx=2...OK TX...OK RX
checking cb_idx=116 rv_idx=3...OK TX...OK RX
checking cb_idx=117 rv_idx=0...OK TX...OK RX
checking cb_idx=117 rv_idx=1...OK TX...OK RX
checking cb_idx=117 rv_idx=2...OK TX...OK RX
checking cb_idx=117 rv_idx=3...OK TX...OK RX
checking cb_idx=118 rv_idx=0...OK TX...OK RX
checking cb_idx=118 rv_idx=1...OK TX...OK RX
checking cb_idx=118 rv_idx=2...OK TX...OK RX
checking cb_idx=118 rv_idx=3...OK TX...OK RX
checking cb_idx=119 rv_idx=0...OK TX...OK RX
checking cb_idx=119 rv_idx=1...OK TX...OK RX
checking cb_idx=119 rv_idx=2...OK TX...OK RX
checking cb_idx=119 rv_idx=3...OK TX...OK RX
checking cb_idx=120 rv_idx=0...OK TX...OK RX
checking cb_idx=120 rv_idx=1...OK TX...OK RX
checking cb_idx=120 rv_idx=2...OK TX...OK RX
checking cb_idx=120 rv_idx=3...OK TX...OK RX
checking cb_idx=121 rv_idx=0...OK TX...OK RX
checking cb_idx=121 rv_idx=1...OK TX...OK RX
checking cb_idx=121 rv_idx=2...OK TX...OK RX
checking cb_idx=121 rv_idx=3...OK TX...OK RX
checking cb_idx=122 rv_idx=0...OK TX...OK RX
checking cb_idx=122 rv_idx=1...OK TX...OK RX
checking cb_idx=122 rv_idx=2...OK TX...OK RX
checking cb_idx=122 rv_idx=3...OK TX...OK RX
checking cb_idx=123 rv_idx=0...OK TX...OK RX
checking cb_idx=123 rv_idx=1...OK TX...OK RX
checking cb_idx=123 rv_idx=2...OK TX...OK RX
checking cb_idx=123 rv_idx=3...OK TX...OK RX
checking cb_idx=124 rv_idx=0...OK TX...OK RX
checking cb_idx=124 rv_idx=1...OK TX...OK RX
checking cb_idx=124 rv_idx=2...OK TX...OK RX
checking cb_idx=124 rv_idx=3...OK TX...OK RX
checking cb_idx=125 rv_idx=0...OK TX...OK RX
checking cb_idx=125 rv_idx=1...OK TX...OK RX
checking cb_idx=125 rv_idx=2...OK TX...OK RX
checking cb_idx=125 rv_idx=3...OK TX...OK RX
checking cb_idx=126 rv_idx=0...OK TX...OK RX
checking cb_idx=126 rv_idx=1...OK TX...OK RX
checking cb_idx=126 rv_idx=2...OK TX...OK RX
checking cb_idx=126 rv_idx=3...OK TX...OK RX
checking cb_idx=127 rv_idx=0...OK TX...OK RX
checking cb_idx=127 rv_idx=1...OK TX...OK RX
checking cb_idx=127 rv_idx=2...OK TX...OK RX
checking cb_idx=127 rv_idx=3...OK TX...OK RX
checking cb_idx=128 rv_idx=0...OK TX...OK RX
checking cb_idx=128 rv_idx=1...OK TX...OK RX
checking cb_idx=128 rv_idx=2...OK TX...OK RX
checking cb_idx=128 rv_idx=3...OK TX...OK RX
checking cb_idx=129 rv_idx=0...OK TX...OK RX
checking cb_idx=129 rv_idx=1...OK TX...OK RX
checking cb_idx=129 rv_idx=2...OK TX...OK RX
checking cb_idx=129 rv_idx=3...OK TX...OK RX
checking cb_idx=130 rv_idx=0...OK TX...OK RX
checking cb_idx=130 rv_idx=1...OK TX...OK RX
checking cb_idx=130 rv_idx=2...OK TX...OK RX
checking cb_idx=130 rv_idx=3...OK TX...OK RX
checking cb_idx=131 rv_idx=0...OK TX...OK RX
checking cb_idx=131 rv_idx=1...OK TX...OK RX
checking cb_idx=131 rv_idx=2...OK TX...OK RX
checking cb_idx=131 rv_idx=3...OK TX...OK RX
checking cb_idx=132 rv_idx=0...OK TX...OK RX
checking cb_idx=132 rv_idx=1...OK TX...OK RX
checking cb_idx=132 rv_idx=2...OK TX...OK RX
checking cb_idx=132 rv_idx=3...OK TX...OK RX
checking cb_idx=133 rv_idx=0...OK TX...OK RX
checking cb_idx=133 rv_idx=1...OK TX...OK RX
checking cb_idx=133 rv_idx=2...OK TX...OK RX
checking cb_idx=133 rv_idx=3...OK TX...OK RX
checking cb_idx=134 rv_idx=0...OK TX...OK RX
checking cb_idx=134 rv_idx=1...OK TX...OK RX
checking cb_idx=134 rv_idx=2...OK TX...OK RX
checking cb_idx=134 rv_idx=3...OK TX...OK RX
checking cb_idx=135 rv_idx=0...OK TX...OK RX
checking cb_idx=135 rv_idx=1...OK TX...OK RX
checking cb_idx=135 rv_idx=2...OK TX...OK RX
checking cb_idx=135 rv_idx=3...OK TX...OK RX
checking cb_idx=136 rv_idx=0...OK TX...OK RX
checking cb_idx=136 rv_idx=1...OK TX...OK RX
checking cb_idx=136 rv_idx=2...OK TX...OK RX
checking cb_idx=136 rv_idx=3...OK TX...OK RX
checking cb_idx=137 rv_idx=0...OK TX...OK RX
checking cb_idx=137 rv_idx=1...OK TX...OK RX
checking cb_idx=137 rv_idx=2...OK TX...OK RX
checking cb_idx=137 rv_idx=3...OK TX...OK RX
checking cb_idx=138 rv_idx=0...OK TX...OK RX
checking cb_idx=138 rv_idx=1...OK TX...OK RX
checking cb_idx=138 rv_idx=2...OK TX...OK RX
checking cb_idx=138 rv_idx=3...OK TX...OK RX
checking cb_idx=139 rv_idx=0...OK TX...OK RX
checking cb_idx=139 rv_idx=1...OK TX...OK RX
checking cb_idx=139 rv_idx=2...OK TX...OK RX
checking cb_idx=139 rv_idx=3...OK TX...OK RX
checking cb_idx=140 rv_idx=0...OK TX...OK RX
checking cb_idx=140 rv_idx=1...OK TX...OK RX
checking cb_idx=140 rv_idx=2...OK TX...OK RX
checking cb_idx=140 rv_idx=3...OK TX...OK RX
checking cb_idx=141 rv_idx=0...OK TX...OK RX
checking cb_idx=141 rv_idx=1...OK TX...OK RX
checking cb_idx=141 rv_idx=2...OK TX...OK RX
checking cb_idx=141 rv_idx=3...OK TX...OK RX
checking cb_idx=142 rv_idx=0...OK TX...OK RX
checking cb_idx=142 rv_idx=1...OK TX...OK RX
checking cb_idx=142 rv_idx=2...OK TX...OK RX
checking cb_idx=142 rv_idx=3...OK TX...OK RX
checking cb_idx=143 rv_idx=0...OK TX...OK RX
checking cb_idx=143 rv_idx=1...OK TX...OK RX
checking cb_idx=143 rv_idx=2...OK TX...OK RX
checking cb_idx=143 rv_idx=3...OK TX...OK RX
checking cb_idx=144 rv_idx=0...OK TX...OK RX
checking cb_idx=144 rv_idx=1...OK TX...OK RX
checking cb_idx=144 rv_idx=2...OK TX...OK RX
checking cb_idx=144 rv_idx=3...OK TX...OK RX
checking cb_idx=145 rv_idx=0...OK TX...OK RX
checking cb_idx=145 rv_idx=1...OK TX...OK RX
checking cb_idx=145 rv_idx=2...OK TX...OK RX
checking cb_idx=145 rv_idx=3...OK TX...OK RX
checking cb_idx=146 rv_idx=0...OK TX...OK RX
checking cb_idx=146 rv_idx=1...OK TX...OK RX
checking cb_idx=146 rv_idx=2...OK TX...OK RX
checking cb_idx=146 rv_idx=3...OK TX...OK RX
checking cb_idx=147 rv_idx=0...OK TX...OK RX
checking cb_idx=147 rv_idx=1...OK TX...OK RX
checking cb_idx=147 rv_idx=2...OK TX...OK RX
checking cb_idx=147 rv_idx=3...OK TX...OK RX
checking cb_idx=148 rv_idx=0...OK TX...OK RX
checking cb_idx=148 rv_idx=1...OK TX...OK RX
checking cb_idx=148 rv_idx=2...OK TX...OK RX
checking cb_idx=148 rv_idx=3...OK TX...OK RX
checking cb_idx=149 rv_idx=0...OK TX...OK RX
checking cb_idx=149 rv_idx=1...OK TX...OK RX
checking cb_idx=149 rv_idx=2...OK TX...OK RX
checking cb_idx=149 rv_idx=3...OK TX...OK RX
checking cb_idx=150 rv_idx=0...OK TX...OK RX
checking cb_idx=150 rv_idx=1...OK TX...OK RX
checking cb_idx=150 rv_idx=2...OK TX...OK RX
checking cb_idx=150 rv_idx=3...OK TX...OK RX
checking cb_idx=151 rv_idx=0...OK TX...OK RX
checking cb_idx=151 rv_idx=1...OK TX...OK RX
checking cb_idx=151 rv_idx=2...OK TX...OK RX
checking cb_idx=151 rv_idx=3...OK TX...OK RX
checking cb_idx=152 rv_idx=0...OK TX...OK RX
checking cb_idx=152 rv_idx=1...OK TX...OK RX
checking cb_idx=152 rv_idx=2...OK TX...OK RX
checking cb_idx=152 rv_idx=3...OK TX...OK RX
checking cb_idx=153 rv_idx=0...OK TX...OK RX
checking cb_idx=153 rv_idx=1...OK TX...OK RX
checking cb_idx=153 rv_idx=2...OK TX...OK RX
checking cb_idx=153 rv_idx=3...OK TX...OK RX
checking cb_idx=154 rv_idx=0...OK TX...OK RX
checking cb_idx=154 rv_idx=1...OK TX...OK RX
checking cb_idx=154 rv_idx=2...OK TX...OK RX
checking cb_idx=154 rv_idx=3...OK TX...OK RX
checking cb_idx=155 rv_idx=0...OK TX...OK RX
checking cb_idx=155 rv_idx=1...OK TX...OK RX
checking cb_idx=155 rv_idx=2...OK TX...OK RX
checking cb_idx=155 rv_idx=3...OK TX...OK RX
checking cb_idx=156 rv_idx=0...OK TX...OK RX
checking cb_idx=156 rv_idx=1...OK TX...OK RX
checking cb_idx=156 rv_idx=2...OK TX...OK RX
checking cb_idx=156 rv_idx=3...OK TX...OK RX
checking cb_idx=157 rv_idx=0...OK TX...OK RX
checking cb_idx=157 rv_idx=1...OK TX...OK RX
checking cb_idx=157 rv_idx=2...OK TX...OK RX
checking cb_idx=157 rv_idx=3...OK TX...OK RX
checking cb_idx=158 rv_idx=0...OK TX...OK RX
checking cb_idx=158 rv_idx=1...OK TX...OK RX
checking cb_idx=158 rv_idx=2...OK TX...OK RX
checking cb_idx=158 rv_idx=3...OK TX...OK RX
checking cb_idx=159 rv_idx=0...OK TX...OK RX
checking cb_idx=159 rv_idx=1...OK TX...OK RX
checking cb_idx=159 rv_idx=2...OK TX...OK RX
checking cb_idx=159 rv_idx=3...OK TX...OK RX
checking cb_idx=160 rv_idx=0...OK TX...OK RX
checking cb_idx=160 rv_idx=1...OK TX...OK RX
checking cb_idx=160 rv_idx=2...OK TX...OK RX
checking cb_idx=160 rv_idx=3...OK TX...OK RX
checking cb_idx=161 rv_idx=0...OK TX...OK RX
checking cb_idx=161 rv_idx=1...OK TX...OK RX
checking cb_idx=161 rv_idx=2...OK TX...OK RX
checking cb_idx=161 rv_idx=3...OK TX...OK RX
checking cb_idx=162 rv_idx=0...OK TX...OK RX
checking cb_idx=162 rv_idx=1...OK TX...OK RX
checking cb_idx=162 rv_idx=2...OK TX...OK RX
checking cb_idx=162 rv_idx=3...OK TX...OK RX
checking cb_idx=163 rv_idx=0...OK TX...OK RX
checking cb_idx=163 rv_idx=1...OK TX...OK RX
checking cb_idx=163 rv_idx=2...OK TX...OK RX
checking cb_idx=163 rv_idx=3...OK TX...OK RX
checking cb_idx=164 rv_idx=0...OK TX...OK RX
checking cb_idx=164 rv_idx=1...OK TX...OK RX
checking cb_idx=164 rv_idx=2...OK TX...OK RX
checking cb_idx=164 rv_idx=3...OK TX...OK RX
checking cb_idx=165 rv_idx=0...OK TX...OK RX
checking cb_idx=165 rv_idx=1...OK TX...OK RX
checking cb_idx=165 rv_idx=2...OK TX...OK RX
checking cb_idx=165 rv_idx=3...OK TX...OK RX
checking cb_idx=166 rv_idx=0...OK TX...OK RX
checking cb_idx=166 rv_idx=1...OK TX...OK RX
checking cb_idx=166 rv_idx=2...OK TX...OK RX
checking cb_idx=166 rv_idx=3...OK TX...OK RX
checking cb_idx=167 rv_idx=0...OK TX...OK RX
checking cb_idx=167 rv_idx=1...OK TX...OK RX
checking cb_idx=167 rv_idx=2...OK TX...OK RX
checking cb_idx=167 rv_idx=3...OK TX...OK RX
checking cb_idx=168 rv_idx=0...OK TX...OK RX
checking cb_idx=168 rv_idx=1...OK TX...OK RX
checking cb_idx=168 rv_idx=2...OK TX...OK RX
checking cb_idx=168 rv_idx=3...OK TX...OK RX
checking cb_idx=169 rv_idx=0...OK TX...OK RX
checking cb_idx=169 rv_idx=1...OK TX...OK RX
checking cb_idx=169 rv_idx=2...OK TX...OK RX
checking cb_idx=169 rv_idx=3...OK TX...OK RX
checking cb_idx=170 rv_idx=0...OK TX...OK RX
checking cb_idx=170 rv_idx=1...OK TX...OK RX
checking cb_idx=170 rv_idx=2...OK TX...OK RX
checking cb_idx=170 rv_idx=3...OK TX...OK RX
checking cb_idx=171 rv_idx=0...OK TX...OK RX
checking cb_idx=171 rv_idx=1...OK TX...OK RX
checking cb_idx=171 rv_idx=2...OK TX...OK RX
checking cb_idx=171 rv_idx=3...OK TX...OK RX
checking cb_idx=172 rv_idx=0...OK TX...OK RX
checking cb_idx=172 rv_idx=1...OK TX...OK RX
checking cb_idx=172 rv_idx=2...OK TX...OK RX
checking cb_idx=172 rv_idx=3...OK TX...OK RX
checking cb_idx=173 rv_idx=0...OK TX...OK RX
checking cb_idx=173 rv_idx=1...OK TX...OK RX
checking cb_idx=173 rv_idx=2...OK TX...OK RX
checking cb_idx=173 rv_idx=3...OK TX...OK RX
checking cb_idx=174 rv_idx=0...OK TX...OK RX
checking cb_idx=174 rv_idx=1...OK TX...OK RX
checking cb_idx=174 rv_idx=2...OK TX...OK RX
checking cb_idx=174 rv_idx=3...OK TX...OK RX
checking cb_idx=175 rv_idx=0...OK TX...OK RX
checking cb_idx=175 rv_idx=1...OK TX...OK RX
checking cb_idx=175 rv_idx=2...OK TX...OK RX
checking cb_idx=175 rv_idx=3...OK TX...OK RX
checking cb_idx=176 rv_idx=0...OK TX...OK RX
checking cb_idx=176 rv_idx=1...OK TX...OK RX
checking cb_idx=176 rv_idx=2...OK TX...OK RX
checking cb_idx=176 rv_idx=3...OK TX...OK RX
checking cb_idx=177 rv_idx=0...OK TX...OK RX
checking cb_idx=177 rv_idx=1...OK TX...OK RX
checking cb_idx=177 rv_idx=2...OK TX...OK RX
checking cb_idx=177 rv_idx=3...OK TX...OK RX
checking cb_idx=178 rv_idx=0...OK TX...OK RX
checking cb_idx=178 rv_idx=1...OK TX...OK RX
checking cb_idx=178 rv_idx=2...OK TX...OK RX
checking cb_idx=178 rv_idx=3...OK TX...OK RX
checking cb_idx=179 rv_idx=0...OK TX...OK RX
checking cb_idx=179 rv_idx=1...OK TX...OK RX
checking cb_idx=179 rv_idx=2...OK TX...OK RX
checking cb_idx=179 rv_idx=3...OK TX...OK RX
checking cb_idx=180 rv_idx=0...OK TX...OK RX
checking cb_idx=180 rv_idx=1...OK TX...OK RX
checking cb_idx=180 rv_idx=2...OK TX...OK RX
checking cb_idx=180 rv_idx=3...OK TX...OK RX
checking cb_idx=181 rv_idx=0...OK TX...OK RX
checking cb_idx=181 rv_idx=1...OK TX...OK RX
checking cb_idx=181 rv_idx=2...OK TX...OK RX
checking cb_idx=181 rv_idx=3...OK TX...OK RX
checking cb_idx=182 rv_idx=0...OK TX...OK RX
checking cb_idx=182 rv_idx=1...OK TX...OK RX
checking cb_idx=182 rv_idx=2...OK TX...OK RX
checking cb_idx=182 rv_idx=3...OK TX...OK RX
checking cb_idx=183 rv_idx=0...OK TX...OK RX
checking cb_idx=183 rv_idx=1...OK TX...OK RX
checking cb_idx=183 rv_idx=2...OK TX...OK RX
checking cb_idx=183 rv_idx=3...OK TX...OK RX
checking cb_idx=184 rv_idx=0...OK TX...OK RX
checking cb_idx=184 rv_idx=1...OK TX...OK RX
checking cb_idx=184 rv_idx=2...OK TX...OK RX
checking cb_idx=184 rv_idx=3...OK TX...OK RX
checking cb_idx=185 rv_idx=0...OK TX...OK RX
checking cb_idx=185 rv_idx=1...OK TX...OK RX
checking cb_idx=185 rv_idx=2...OK TX...OK RX
checking cb_idx=185 rv_idx=3...OK TX...OK RX
checking cb_idx=186 rv_idx=0...OK TX...OK RX
checking cb_idx=186 rv_idx=1...OK TX...OK RX
checking cb_idx=186 rv_idx=2...OK TX...OK RX
checking cb_idx=186 rv_idx=3...OK TX...OK RX
checking cb_idx=187 rv_idx=0...OK TX...OK RX
checking cb_idx=187 rv_idx=1...OK TX...OK RX
checking cb_idx=187 rv_idx=2...OK TX...OK RX
checking cb_idx=187 rv_idx=3...OK TX...OK RX
<end of output>
Test time =   0.20 sec
----------------------------------------------------------
Test Passed.
"rm_turbo_test_1" end time: Apr 17 16:41 CST
"rm_turbo_test_1" time elapsed: 00:00:00
----------------------------------------------------------

9/224 Testing: rm_turbo_test_2
9/224 Test: rm_turbo_test_2
Command: "/home/wantong/srsLTE/build/lib/src/phy/fec/test/rm_turbo_test" "-e" "8192"
Directory: /home/wantong/srsLTE/build/lib/src/phy/fec/test
"rm_turbo_test_2" start time: Apr 17 16:41 CST
Output:
----------------------------------------------------------
checking cb_idx=  0 rv_idx=0...OK TX...OK RX
checking cb_idx=  0 rv_idx=1...OK TX...OK RX
checking cb_idx=  0 rv_idx=2...OK TX...OK RX
checking cb_idx=  0 rv_idx=3...OK TX...OK RX
checking cb_idx=  1 rv_idx=0...OK TX...OK RX
checking cb_idx=  1 rv_idx=1...OK TX...OK RX
checking cb_idx=  1 rv_idx=2...OK TX...OK RX
checking cb_idx=  1 rv_idx=3...OK TX...OK RX
checking cb_idx=  2 rv_idx=0...OK TX...OK RX
checking cb_idx=  2 rv_idx=1...OK TX...OK RX
checking cb_idx=  2 rv_idx=2...OK TX...OK RX
checking cb_idx=  2 rv_idx=3...OK TX...OK RX
checking cb_idx=  3 rv_idx=0...OK TX...OK RX
checking cb_idx=  3 rv_idx=1...OK TX...OK RX
checking cb_idx=  3 rv_idx=2...OK TX...OK RX
checking cb_idx=  3 rv_idx=3...OK TX...OK RX
checking cb_idx=  4 rv_idx=0...OK TX...OK RX
checking cb_idx=  4 rv_idx=1...OK TX...OK RX
checking cb_idx=  4 rv_idx=2...OK TX...OK RX
checking cb_idx=  4 rv_idx=3...OK TX...OK RX
checking cb_idx=  5 rv_idx=0...OK TX...OK RX
checking cb_idx=  5 rv_idx=1...OK TX...OK RX
checking cb_idx=  5 rv_idx=2...OK TX...OK RX
checking cb_idx=  5 rv_idx=3...OK TX...OK RX
checking cb_idx=  6 rv_idx=0...OK TX...OK RX
checking cb_idx=  6 rv_idx=1...OK TX...OK RX
checking cb_idx=  6 rv_idx=2...OK TX...OK RX
checking cb_idx=  6 rv_idx=3...OK TX...OK RX
checking cb_idx=  7 rv_idx=0...OK TX...OK RX
checking cb_idx=  7 rv_idx=1...OK TX...OK RX
checking cb_idx=  7 rv_idx=2...OK TX...OK RX
checking cb_idx=  7 rv_idx=3...OK TX...OK RX
checking cb_idx=  8 rv_idx=0...OK TX...OK RX
checking cb_idx=  8 rv_idx=1...OK TX...OK RX
checking cb_idx=  8 rv_idx=2...OK TX...OK RX
checking cb_idx=  8 rv_idx=3...OK TX...OK RX
checking cb_idx=  9 rv_idx=0...OK TX...OK RX
checking cb_idx=  9 rv_idx=1...OK TX...OK RX
checking cb_idx=  9 rv_idx=2...OK TX...OK RX
checking cb_idx=  9 rv_idx=3...OK TX...OK RX
checking cb_idx= 10 rv_idx=0...OK TX...OK RX
checking cb_idx= 10 rv_idx=1...OK TX...OK RX
checking cb_idx= 10 rv_idx=2...OK TX...OK RX
checking cb_idx= 10 rv_idx=3...OK TX...OK RX
checking cb_idx= 11 rv_idx=0...OK TX...OK RX
checking cb_idx= 11 rv_idx=1...OK TX...OK RX
checking cb_idx= 11 rv_idx=2...OK TX...OK RX
checking cb_idx= 11 rv_idx=3...OK TX...OK RX
checking cb_idx= 12 rv_idx=0...OK TX...OK RX
checking cb_idx= 12 rv_idx=1...OK TX...OK RX
checking cb_idx= 12 rv_idx=2...OK TX...OK RX
checking cb_idx= 12 rv_idx=3...OK TX...OK RX
checking cb_idx= 13 rv_idx=0...OK TX...OK RX
checking cb_idx= 13 rv_idx=1...OK TX...OK RX
checking cb_idx= 13 rv_idx=2...OK TX...OK RX
checking cb_idx= 13 rv_idx=3...OK TX...OK RX
checking cb_idx= 14 rv_idx=0...OK TX...OK RX
checking cb_idx= 14 rv_idx=1...OK TX...OK RX
checking cb_idx= 14 rv_idx=2...OK TX...OK RX
checking cb_idx= 14 rv_idx=3...OK TX...OK RX
checking cb_idx= 15 rv_idx=0...OK TX...OK RX
checking cb_idx= 15 rv_idx=1...OK TX...OK RX
checking cb_idx= 15 rv_idx=2...OK TX...OK RX
checking cb_idx= 15 rv_idx=3...OK TX...OK RX
checking cb_idx= 16 rv_idx=0...OK TX...OK RX
checking cb_idx= 16 rv_idx=1...OK TX...OK RX
checking cb_idx= 16 rv_idx=2...OK TX...OK RX
checking cb_idx= 16 rv_idx=3...OK TX...OK RX
checking cb_idx= 17 rv_idx=0...OK TX...OK RX
checking cb_idx= 17 rv_idx=1...OK TX...OK RX
checking cb_idx= 17 rv_idx=2...OK TX...OK RX
checking cb_idx= 17 rv_idx=3...OK TX...OK RX
checking cb_idx= 18 rv_idx=0...OK TX...OK RX
checking cb_idx= 18 rv_idx=1...OK TX...OK RX
checking cb_idx= 18 rv_idx=2...OK TX...OK RX
checking cb_idx= 18 rv_idx=3...OK TX...OK RX
checking cb_idx= 19 rv_idx=0...OK TX...OK RX
checking cb_idx= 19 rv_idx=1...OK TX...OK RX
checking cb_idx= 19 rv_idx=2...OK TX...OK RX
checking cb_idx= 19 rv_idx=3...OK TX...OK RX
checking cb_idx= 20 rv_idx=0...OK TX...OK RX
checking cb_idx= 20 rv_idx=1...OK TX...OK RX
checking cb_idx= 20 rv_idx=2...OK TX...OK RX
checking cb_idx= 20 rv_idx=3...OK TX...OK RX
checking cb_idx= 21 rv_idx=0...OK TX...OK RX
checking cb_idx= 21 rv_idx=1...OK TX...OK RX
checking cb_idx= 21 rv_idx=2...OK TX...OK RX
checking cb_idx= 21 rv_idx=3...OK TX...OK RX
checking cb_idx= 22 rv_idx=0...OK TX...OK RX
checking cb_idx= 22 rv_idx=1...OK TX...OK RX
checking cb_idx= 22 rv_idx=2...OK TX...OK RX
checking cb_idx= 22 rv_idx=3...OK TX...OK RX
checking cb_idx= 23 rv_idx=0...OK TX...OK RX
checking cb_idx= 23 rv_idx=1...OK TX...OK RX
checking cb_idx= 23 rv_idx=2...OK TX...OK RX
checking cb_idx= 23 rv_idx=3...OK TX...OK RX
checking cb_idx= 24 rv_idx=0...OK TX...OK RX
checking cb_idx= 24 rv_idx=1...OK TX...OK RX
checking cb_idx= 24 rv_idx=2...OK TX...OK RX
checking cb_idx= 24 rv_idx=3...OK TX...OK RX
checking cb_idx= 25 rv_idx=0...OK TX...OK RX
checking cb_idx= 25 rv_idx=1...OK TX...OK RX
checking cb_idx= 25 rv_idx=2...OK TX...OK RX
checking cb_idx= 25 rv_idx=3...OK TX...OK RX
checking cb_idx= 26 rv_idx=0...OK TX...OK RX
checking cb_idx= 26 rv_idx=1...OK TX...OK RX
checking cb_idx= 26 rv_idx=2...OK TX...OK RX
checking cb_idx= 26 rv_idx=3...OK TX...OK RX
checking cb_idx= 27 rv_idx=0...OK TX...OK RX
checking cb_idx= 27 rv_idx=1...OK TX...OK RX
checking cb_idx= 27 rv_idx=2...OK TX...OK RX
checking cb_idx= 27 rv_idx=3...OK TX...OK RX
checking cb_idx= 28 rv_idx=0...OK TX...OK RX
checking cb_idx= 28 rv_idx=1...OK TX...OK RX
checking cb_idx= 28 rv_idx=2...OK TX...OK RX
checking cb_idx= 28 rv_idx=3...OK TX...OK RX
checking cb_idx= 29 rv_idx=0...OK TX...OK RX
checking cb_idx= 29 rv_idx=1...OK TX...OK RX
checking cb_idx= 29 rv_idx=2...OK TX...OK RX
checking cb_idx= 29 rv_idx=3...OK TX...OK RX
checking cb_idx= 30 rv_idx=0...OK TX...OK RX
checking cb_idx= 30 rv_idx=1...OK TX...OK RX
checking cb_idx= 30 rv_idx=2...OK TX...OK RX
checking cb_idx= 30 rv_idx=3...OK TX...OK RX
checking cb_idx= 31 rv_idx=0...OK TX...OK RX
checking cb_idx= 31 rv_idx=1...OK TX...OK RX
checking cb_idx= 31 rv_idx=2...OK TX...OK RX
checking cb_idx= 31 rv_idx=3...OK TX...OK RX
checking cb_idx= 32 rv_idx=0...OK TX...OK RX
checking cb_idx= 32 rv_idx=1...OK TX...OK RX
checking cb_idx= 32 rv_idx=2...OK TX...OK RX
checking cb_idx= 32 rv_idx=3...OK TX...OK RX
checking cb_idx= 33 rv_idx=0...OK TX...OK RX
checking cb_idx= 33 rv_idx=1...OK TX...OK RX
checking cb_idx= 33 rv_idx=2...OK TX...OK RX
checking cb_idx= 33 rv_idx=3...OK TX...OK RX
checking cb_idx= 34 rv_idx=0...OK TX...OK RX
checking cb_idx= 34 rv_idx=1...OK TX...OK RX
checking cb_idx= 34 rv_idx=2...OK TX...OK RX
checking cb_idx= 34 rv_idx=3...OK TX...OK RX
checking cb_idx= 35 rv_idx=0...OK TX...OK RX
checking cb_idx= 35 rv_idx=1...OK TX...OK RX
checking cb_idx= 35 rv_idx=2...OK TX...OK RX
checking cb_idx= 35 rv_idx=3...OK TX...OK RX
checking cb_idx= 36 rv_idx=0...OK TX...OK RX
checking cb_idx= 36 rv_idx=1...OK TX...OK RX
checking cb_idx= 36 rv_idx=2...OK TX...OK RX
checking cb_idx= 36 rv_idx=3...OK TX...OK RX
checking cb_idx= 37 rv_idx=0...OK TX...OK RX
checking cb_idx= 37 rv_idx=1...OK TX...OK RX
checking cb_idx= 37 rv_idx=2...OK TX...OK RX
checking cb_idx= 37 rv_idx=3...OK TX...OK RX
checking cb_idx= 38 rv_idx=0...OK TX...OK RX
checking cb_idx= 38 rv_idx=1...OK TX...OK RX
checking cb_idx= 38 rv_idx=2...OK TX...OK RX
checking cb_idx= 38 rv_idx=3...OK TX...OK RX
checking cb_idx= 39 rv_idx=0...OK TX...OK RX
checking cb_idx= 39 rv_idx=1...OK TX...OK RX
checking cb_idx= 39 rv_idx=2...OK TX...OK RX
checking cb_idx= 39 rv_idx=3...OK TX...OK RX
checking cb_idx= 40 rv_idx=0...OK TX...OK RX
checking cb_idx= 40 rv_idx=1...OK TX...OK RX
checking cb_idx= 40 rv_idx=2...OK TX...OK RX
checking cb_idx= 40 rv_idx=3...OK TX...OK RX
checking cb_idx= 41 rv_idx=0...OK TX...OK RX
checking cb_idx= 41 rv_idx=1...OK TX...OK RX
checking cb_idx= 41 rv_idx=2...OK TX...OK RX
checking cb_idx= 41 rv_idx=3...OK TX...OK RX
checking cb_idx= 42 rv_idx=0...OK TX...OK RX
checking cb_idx= 42 rv_idx=1...OK TX...OK RX
checking cb_idx= 42 rv_idx=2...OK TX...OK RX
checking cb_idx= 42 rv_idx=3...OK TX...OK RX
checking cb_idx= 43 rv_idx=0...OK TX...OK RX
checking cb_idx= 43 rv_idx=1...OK TX...OK RX
checking cb_idx= 43 rv_idx=2...OK TX...OK RX
checking cb_idx= 43 rv_idx=3...OK TX...OK RX
checking cb_idx= 44 rv_idx=0...OK TX...OK RX
checking cb_idx= 44 rv_idx=1...OK TX...OK RX
checking cb_idx= 44 rv_idx=2...OK TX...OK RX
checking cb_idx= 44 rv_idx=3...OK TX...OK RX
checking cb_idx= 45 rv_idx=0...OK TX...OK RX
checking cb_idx= 45 rv_idx=1...OK TX...OK RX
checking cb_idx= 45 rv_idx=2...OK TX...OK RX
checking cb_idx= 45 rv_idx=3...OK TX...OK RX
checking cb_idx= 46 rv_idx=0...OK TX...OK RX
checking cb_idx= 46 rv_idx=1...OK TX...OK RX
checking cb_idx= 46 rv_idx=2...OK TX...OK RX
checking cb_idx= 46 rv_idx=3...OK TX...OK RX
checking cb_idx= 47 rv_idx=0...OK TX...OK RX
checking cb_idx= 47 rv_idx=1...OK TX...OK RX
checking cb_idx= 47 rv_idx=2...OK TX...OK RX
checking cb_idx= 47 rv_idx=3...OK TX...OK RX
checking cb_idx= 48 rv_idx=0...OK TX...OK RX
checking cb_idx= 48 rv_idx=1...OK TX...OK RX
checking cb_idx= 48 rv_idx=2...OK TX...OK RX
checking cb_idx= 48 rv_idx=3...OK TX...OK RX
checking cb_idx= 49 rv_idx=0...OK TX...OK RX
checking cb_idx= 49 rv_idx=1...OK TX...OK RX
checking cb_idx= 49 rv_idx=2...OK TX...OK RX
checking cb_idx= 49 rv_idx=3...OK TX...OK RX
checking cb_idx= 50 rv_idx=0...OK TX...OK RX
checking cb_idx= 50 rv_idx=1...OK TX...OK RX
checking cb_idx= 50 rv_idx=2...OK TX...OK RX
checking cb_idx= 50 rv_idx=3...OK TX...OK RX
checking cb_idx= 51 rv_idx=0...OK TX...OK RX
checking cb_idx= 51 rv_idx=1...OK TX...OK RX
checking cb_idx= 51 rv_idx=2...OK TX...OK RX
checking cb_idx= 51 rv_idx=3...OK TX...OK RX
checking cb_idx= 52 rv_idx=0...OK TX...OK RX
checking cb_idx= 52 rv_idx=1...OK TX...OK RX
checking cb_idx= 52 rv_idx=2...OK TX...OK RX
checking cb_idx= 52 rv_idx=3...OK TX...OK RX
checking cb_idx= 53 rv_idx=0...OK TX...OK RX
checking cb_idx= 53 rv_idx=1...OK TX...OK RX
checking cb_idx= 53 rv_idx=2...OK TX...OK RX
checking cb_idx= 53 rv_idx=3...OK TX...OK RX
checking cb_idx= 54 rv_idx=0...OK TX...OK RX
checking cb_idx= 54 rv_idx=1...OK TX...OK RX
checking cb_idx= 54 rv_idx=2...OK TX...OK RX
checking cb_idx= 54 rv_idx=3...OK TX...OK RX
checking cb_idx= 55 rv_idx=0...OK TX...OK RX
checking cb_idx= 55 rv_idx=1...OK TX...OK RX
checking cb_idx= 55 rv_idx=2...OK TX...OK RX
checking cb_idx= 55 rv_idx=3...OK TX...OK RX
checking cb_idx= 56 rv_idx=0...OK TX...OK RX
checking cb_idx= 56 rv_idx=1...OK TX...OK RX
checking cb_idx= 56 rv_idx=2...OK TX...OK RX
checking cb_idx= 56 rv_idx=3...OK TX...OK RX
checking cb_idx= 57 rv_idx=0...OK TX...OK RX
checking cb_idx= 57 rv_idx=1...OK TX...OK RX
checking cb_idx= 57 rv_idx=2...OK TX...OK RX
checking cb_idx= 57 rv_idx=3...OK TX...OK RX
checking cb_idx= 58 rv_idx=0...OK TX...OK RX
checking cb_idx= 58 rv_idx=1...OK TX...OK RX
checking cb_idx= 58 rv_idx=2...OK TX...OK RX
checking cb_idx= 58 rv_idx=3...OK TX...OK RX
checking cb_idx= 59 rv_idx=0...OK TX...OK RX
checking cb_idx= 59 rv_idx=1...OK TX...OK RX
checking cb_idx= 59 rv_idx=2...OK TX...OK RX
checking cb_idx= 59 rv_idx=3...OK TX...OK RX
checking cb_idx= 60 rv_idx=0...OK TX...OK RX
checking cb_idx= 60 rv_idx=1...OK TX...OK RX
checking cb_idx= 60 rv_idx=2...OK TX...OK RX
checking cb_idx= 60 rv_idx=3...OK TX...OK RX
checking cb_idx= 61 rv_idx=0...OK TX...OK RX
checking cb_idx= 61 rv_idx=1...OK TX...OK RX
checking cb_idx= 61 rv_idx=2...OK TX...OK RX
checking cb_idx= 61 rv_idx=3...OK TX...OK RX
checking cb_idx= 62 rv_idx=0...OK TX...OK RX
checking cb_idx= 62 rv_idx=1...OK TX...OK RX
checking cb_idx= 62 rv_idx=2...OK TX...OK RX
checking cb_idx= 62 rv_idx=3...OK TX...OK RX
checking cb_idx= 63 rv_idx=0...OK TX...OK RX
checking cb_idx= 63 rv_idx=1...OK TX...OK RX
checking cb_idx= 63 rv_idx=2...OK TX...OK RX
checking cb_idx= 63 rv_idx=3...OK TX...OK RX
checking cb_idx= 64 rv_idx=0...OK TX...OK RX
checking cb_idx= 64 rv_idx=1...OK TX...OK RX
checking cb_idx= 64 rv_idx=2...OK TX...OK RX
checking cb_idx= 64 rv_idx=3...OK TX...OK RX
checking cb_idx= 65 rv_idx=0...OK TX...OK RX
checking cb_idx= 65 rv_idx=1...OK TX...OK RX
checking cb_idx= 65 rv_idx=2...OK TX...OK RX
checking cb_idx= 65 rv_idx=3...OK TX...OK RX
checking cb_idx= 66 rv_idx=0...OK TX...OK RX
checking cb_idx= 66 rv_idx=1...OK TX...OK RX
checking cb_idx= 66 rv_idx=2...OK TX...OK RX
checking cb_idx= 66 rv_idx=3...OK TX...OK RX
checking cb_idx= 67 rv_idx=0...OK TX...OK RX
checking cb_idx= 67 rv_idx=1...OK TX...OK RX
checking cb_idx= 67 rv_idx=2...OK TX...OK RX
checking cb_idx= 67 rv_idx=3...OK TX...OK RX
checking cb_idx= 68 rv_idx=0...OK TX...OK RX
checking cb_idx= 68 rv_idx=1...OK TX...OK RX
checking cb_idx= 68 rv_idx=2...OK TX...OK RX
checking cb_idx= 68 rv_idx=3...OK TX...OK RX
checking cb_idx= 69 rv_idx=0...OK TX...OK RX
checking cb_idx= 69 rv_idx=1...OK TX...OK RX
checking cb_idx= 69 rv_idx=2...OK TX...OK RX
checking cb_idx= 69 rv_idx=3...OK TX...OK RX
checking cb_idx= 70 rv_idx=0...OK TX...OK RX
checking cb_idx= 70 rv_idx=1...OK TX...OK RX
checking cb_idx= 70 rv_idx=2...OK TX...OK RX
checking cb_idx= 70 rv_idx=3...OK TX...OK RX
checking cb_idx= 71 rv_idx=0...OK TX...OK RX
checking cb_idx= 71 rv_idx=1...OK TX...OK RX
checking cb_idx= 71 rv_idx=2...OK TX...OK RX
checking cb_idx= 71 rv_idx=3...OK TX...OK RX
checking cb_idx= 72 rv_idx=0...OK TX...OK RX
checking cb_idx= 72 rv_idx=1...OK TX...OK RX
checking cb_idx= 72 rv_idx=2...OK TX...OK RX
checking cb_idx= 72 rv_idx=3...OK TX...OK RX
checking cb_idx= 73 rv_idx=0...OK TX...OK RX
checking cb_idx= 73 rv_idx=1...OK TX...OK RX
checking cb_idx= 73 rv_idx=2...OK TX...OK RX
checking cb_idx= 73 rv_idx=3...OK TX...OK RX
checking cb_idx= 74 rv_idx=0...OK TX...OK RX
checking cb_idx= 74 rv_idx=1...OK TX...OK RX
checking cb_idx= 74 rv_idx=2...OK TX...OK RX
checking cb_idx= 74 rv_idx=3...OK TX...OK RX
checking cb_idx= 75 rv_idx=0...OK TX...OK RX
checking cb_idx= 75 rv_idx=1...OK TX...OK RX
checking cb_idx= 75 rv_idx=2...OK TX...OK RX
checking cb_idx= 75 rv_idx=3...OK TX...OK RX
checking cb_idx= 76 rv_idx=0...OK TX...OK RX
checking cb_idx= 76 rv_idx=1...OK TX...OK RX
checking cb_idx= 76 rv_idx=2...OK TX...OK RX
checking cb_idx= 76 rv_idx=3...OK TX...OK RX
checking cb_idx= 77 rv_idx=0...OK TX...OK RX
checking cb_idx= 77 rv_idx=1...OK TX...OK RX
checking cb_idx= 77 rv_idx=2...OK TX...OK RX
checking cb_idx= 77 rv_idx=3...OK TX...OK RX
checking cb_idx= 78 rv_idx=0...OK TX...OK RX
checking cb_idx= 78 rv_idx=1...OK TX...OK RX
checking cb_idx= 78 rv_idx=2...OK TX...OK RX
checking cb_idx= 78 rv_idx=3...OK TX...OK RX
checking cb_idx= 79 rv_idx=0...OK TX...OK RX
checking cb_idx= 79 rv_idx=1...OK TX...OK RX
checking cb_idx= 79 rv_idx=2...OK TX...OK RX
checking cb_idx= 79 rv_idx=3...OK TX...OK RX
checking cb_idx= 80 rv_idx=0...OK TX...OK RX
checking cb_idx= 80 rv_idx=1...OK TX...OK RX
checking cb_idx= 80 rv_idx=2...OK TX...OK RX
checking cb_idx= 80 rv_idx=3...OK TX...OK RX
checking cb_idx= 81 rv_idx=0...OK TX...OK RX
checking cb_idx= 81 rv_idx=1...OK TX...OK RX
checking cb_idx= 81 rv_idx=2...OK TX...OK RX
checking cb_idx= 81 rv_idx=3...OK TX...OK RX
checking cb_idx= 82 rv_idx=0...OK TX...OK RX
checking cb_idx= 82 rv_idx=1...OK TX...OK RX
checking cb_idx= 82 rv_idx=2...OK TX...OK RX
checking cb_idx= 82 rv_idx=3...OK TX...OK RX
checking cb_idx= 83 rv_idx=0...OK TX...OK RX
checking cb_idx= 83 rv_idx=1...OK TX...OK RX
checking cb_idx= 83 rv_idx=2...OK TX...OK RX
checking cb_idx= 83 rv_idx=3...OK TX...OK RX
checking cb_idx= 84 rv_idx=0...OK TX...OK RX
checking cb_idx= 84 rv_idx=1...OK TX...OK RX
checking cb_idx= 84 rv_idx=2...OK TX...OK RX
checking cb_idx= 84 rv_idx=3...OK TX...OK RX
checking cb_idx= 85 rv_idx=0...OK TX...OK RX
checking cb_idx= 85 rv_idx=1...OK TX...OK RX
checking cb_idx= 85 rv_idx=2...OK TX...OK RX
checking cb_idx= 85 rv_idx=3...OK TX...OK RX
checking cb_idx= 86 rv_idx=0...OK TX...OK RX
checking cb_idx= 86 rv_idx=1...OK TX...OK RX
checking cb_idx= 86 rv_idx=2...OK TX...OK RX
checking cb_idx= 86 rv_idx=3...OK TX...OK RX
checking cb_idx= 87 rv_idx=0...OK TX...OK RX
checking cb_idx= 87 rv_idx=1...OK TX...OK RX
checking cb_idx= 87 rv_idx=2...OK TX...OK RX
checking cb_idx= 87 rv_idx=3...OK TX...OK RX
checking cb_idx= 88 rv_idx=0...OK TX...OK RX
checking cb_idx= 88 rv_idx=1...OK TX...OK RX
checking cb_idx= 88 rv_idx=2...OK TX...OK RX
checking cb_idx= 88 rv_idx=3...OK TX...OK RX
checking cb_idx= 89 rv_idx=0...OK TX...OK RX
checking cb_idx= 89 rv_idx=1...OK TX...OK RX
checking cb_idx= 89 rv_idx=2...OK TX...OK RX
checking cb_idx= 89 rv_idx=3...OK TX...OK RX
checking cb_idx= 90 rv_idx=0...OK TX...OK RX
checking cb_idx= 90 rv_idx=1...OK TX...OK RX
checking cb_idx= 90 rv_idx=2...OK TX...OK RX
checking cb_idx= 90 rv_idx=3...OK TX...OK RX
checking cb_idx= 91 rv_idx=0...OK TX...OK RX
checking cb_idx= 91 rv_idx=1...OK TX...OK RX
checking cb_idx= 91 rv_idx=2...OK TX...OK RX
checking cb_idx= 91 rv_idx=3...OK TX...OK RX
checking cb_idx= 92 rv_idx=0...OK TX...OK RX
checking cb_idx= 92 rv_idx=1...OK TX...OK RX
checking cb_idx= 92 rv_idx=2...OK TX...OK RX
checking cb_idx= 92 rv_idx=3...OK TX...OK RX
checking cb_idx= 93 rv_idx=0...OK TX...OK RX
checking cb_idx= 93 rv_idx=1...OK TX...OK RX
checking cb_idx= 93 rv_idx=2...OK TX...OK RX
checking cb_idx= 93 rv_idx=3...OK TX...OK RX
checking cb_idx= 94 rv_idx=0...OK TX...OK RX
checking cb_idx= 94 rv_idx=1...OK TX...OK RX
checking cb_idx= 94 rv_idx=2...OK TX...OK RX
checking cb_idx= 94 rv_idx=3...OK TX...OK RX
checking cb_idx= 95 rv_idx=0...OK TX...OK RX
checking cb_idx= 95 rv_idx=1...OK TX...OK RX
checking cb_idx= 95 rv_idx=2...OK TX...OK RX
checking cb_idx= 95 rv_idx=3...OK TX...OK RX
checking cb_idx= 96 rv_idx=0...OK TX...OK RX
checking cb_idx= 96 rv_idx=1...OK TX...OK RX
checking cb_idx= 96 rv_idx=2...OK TX...OK RX
checking cb_idx= 96 rv_idx=3...OK TX...OK RX
checking cb_idx= 97 rv_idx=0...OK TX...OK RX
checking cb_idx= 97 rv_idx=1...OK TX...OK RX
checking cb_idx= 97 rv_idx=2...OK TX...OK RX
checking cb_idx= 97 rv_idx=3...OK TX...OK RX
checking cb_idx= 98 rv_idx=0...OK TX...OK RX
checking cb_idx= 98 rv_idx=1...OK TX...OK RX
checking cb_idx= 98 rv_idx=2...OK TX...OK RX
checking cb_idx= 98 rv_idx=3...OK TX...OK RX
checking cb_idx= 99 rv_idx=0...OK TX...OK RX
checking cb_idx= 99 rv_idx=1...OK TX...OK RX
checking cb_idx= 99 rv_idx=2...OK TX...OK RX
checking cb_idx= 99 rv_idx=3...OK TX...OK RX
checking cb_idx=100 rv_idx=0...OK TX...OK RX
checking cb_idx=100 rv_idx=1...OK TX...OK RX
checking cb_idx=100 rv_idx=2...OK TX...OK RX
checking cb_idx=100 rv_idx=3...OK TX...OK RX
checking cb_idx=101 rv_idx=0...OK TX...OK RX
checking cb_idx=101 rv_idx=1...OK TX...OK RX
checking cb_idx=101 rv_idx=2...OK TX...OK RX
checking cb_idx=101 rv_idx=3...OK TX...OK RX
checking cb_idx=102 rv_idx=0...OK TX...OK RX
checking cb_idx=102 rv_idx=1...OK TX...OK RX
checking cb_idx=102 rv_idx=2...OK TX...OK RX
checking cb_idx=102 rv_idx=3...OK TX...OK RX
checking cb_idx=103 rv_idx=0...OK TX...OK RX
checking cb_idx=103 rv_idx=1...OK TX...OK RX
checking cb_idx=103 rv_idx=2...OK TX...OK RX
checking cb_idx=103 rv_idx=3...OK TX...OK RX
checking cb_idx=104 rv_idx=0...OK TX...OK RX
checking cb_idx=104 rv_idx=1...OK TX...OK RX
checking cb_idx=104 rv_idx=2...OK TX...OK RX
checking cb_idx=104 rv_idx=3...OK TX...OK RX
checking cb_idx=105 rv_idx=0...OK TX...OK RX
checking cb_idx=105 rv_idx=1...OK TX...OK RX
checking cb_idx=105 rv_idx=2...OK TX...OK RX
checking cb_idx=105 rv_idx=3...OK TX...OK RX
checking cb_idx=106 rv_idx=0...OK TX...OK RX
checking cb_idx=106 rv_idx=1...OK TX...OK RX
checking cb_idx=106 rv_idx=2...OK TX...OK RX
checking cb_idx=106 rv_idx=3...OK TX...OK RX
checking cb_idx=107 rv_idx=0...OK TX...OK RX
checking cb_idx=107 rv_idx=1...OK TX...OK RX
checking cb_idx=107 rv_idx=2...OK TX...OK RX
checking cb_idx=107 rv_idx=3...OK TX...OK RX
checking cb_idx=108 rv_idx=0...OK TX...OK RX
checking cb_idx=108 rv_idx=1...OK TX...OK RX
checking cb_idx=108 rv_idx=2...OK TX...OK RX
checking cb_idx=108 rv_idx=3...OK TX...OK RX
checking cb_idx=109 rv_idx=0...OK TX...OK RX
checking cb_idx=109 rv_idx=1...OK TX...OK RX
checking cb_idx=109 rv_idx=2...OK TX...OK RX
checking cb_idx=109 rv_idx=3...OK TX...OK RX
checking cb_idx=110 rv_idx=0...OK TX...OK RX
checking cb_idx=110 rv_idx=1...OK TX...OK RX
checking cb_idx=110 rv_idx=2...OK TX...OK RX
checking cb_idx=110 rv_idx=3...OK TX...OK RX
checking cb_idx=111 rv_idx=0...OK TX...OK RX
checking cb_idx=111 rv_idx=1...OK TX...OK RX
checking cb_idx=111 rv_idx=2...OK TX...OK RX
checking cb_idx=111 rv_idx=3...OK TX...OK RX
checking cb_idx=112 rv_idx=0...OK TX...OK RX
checking cb_idx=112 rv_idx=1...OK TX...OK RX
checking cb_idx=112 rv_idx=2...OK TX...OK RX
checking cb_idx=112 rv_idx=3...OK TX...OK RX
checking cb_idx=113 rv_idx=0...OK TX...OK RX
checking cb_idx=113 rv_idx=1...OK TX...OK RX
checking cb_idx=113 rv_idx=2...OK TX...OK RX
checking cb_idx=113 rv_idx=3...OK TX...OK RX
checking cb_idx=114 rv_idx=0...OK TX...OK RX
checking cb_idx=114 rv_idx=1...OK TX...OK RX
checking cb_idx=114 rv_idx=2...OK TX...OK RX
checking cb_idx=114 rv_idx=3...OK TX...OK RX
checking cb_idx=115 rv_idx=0...OK TX...OK RX
checking cb_idx=115 rv_idx=1...OK TX...OK RX
checking cb_idx=115 rv_idx=2...OK TX...OK RX
checking cb_idx=115 rv_idx=3...OK TX...OK RX
checking cb_idx=116 rv_idx=0...OK TX...OK RX
checking cb_idx=116 rv_idx=1...OK TX...OK RX
checking cb_idx=116 rv_idx=2...OK TX...OK RX
checking cb_idx=116 rv_idx=3...OK TX...OK RX
checking cb_idx=117 rv_idx=0...OK TX...OK RX
checking cb_idx=117 rv_idx=1...OK TX...OK RX
checking cb_idx=117 rv_idx=2...OK TX...OK RX
checking cb_idx=117 rv_idx=3...OK TX...OK RX
checking cb_idx=118 rv_idx=0...OK TX...OK RX
checking cb_idx=118 rv_idx=1...OK TX...OK RX
checking cb_idx=118 rv_idx=2...OK TX...OK RX
checking cb_idx=118 rv_idx=3...OK TX...OK RX
checking cb_idx=119 rv_idx=0...OK TX...OK RX
checking cb_idx=119 rv_idx=1...OK TX...OK RX
checking cb_idx=119 rv_idx=2...OK TX...OK RX
checking cb_idx=119 rv_idx=3...OK TX...OK RX
checking cb_idx=120 rv_idx=0...OK TX...OK RX
checking cb_idx=120 rv_idx=1...OK TX...OK RX
checking cb_idx=120 rv_idx=2...OK TX...OK RX
checking cb_idx=120 rv_idx=3...OK TX...OK RX
checking cb_idx=121 rv_idx=0...OK TX...OK RX
checking cb_idx=121 rv_idx=1...OK TX...OK RX
checking cb_idx=121 rv_idx=2...OK TX...OK RX
checking cb_idx=121 rv_idx=3...OK TX...OK RX
checking cb_idx=122 rv_idx=0...OK TX...OK RX
checking cb_idx=122 rv_idx=1...OK TX...OK RX
checking cb_idx=122 rv_idx=2...OK TX...OK RX
checking cb_idx=122 rv_idx=3...OK TX...OK RX
checking cb_idx=123 rv_idx=0...OK TX...OK RX
checking cb_idx=123 rv_idx=1...OK TX...OK RX
checking cb_idx=123 rv_idx=2...OK TX...OK RX
checking cb_idx=123 rv_idx=3...OK TX...OK RX
checking cb_idx=124 rv_idx=0...OK TX...OK RX
checking cb_idx=124 rv_idx=1...OK TX...OK RX
checking cb_idx=124 rv_idx=2...OK TX...OK RX
checking cb_idx=124 rv_idx=3...OK TX...OK RX
checking cb_idx=125 rv_idx=0...OK TX...OK RX
checking cb_idx=125 rv_idx=1...OK TX...OK RX
checking cb_idx=125 rv_idx=2...OK TX...OK RX
checking cb_idx=125 rv_idx=3...OK TX...OK RX
checking cb_idx=126 rv_idx=0...OK TX...OK RX
checking cb_idx=126 rv_idx=1...OK TX...OK RX
checking cb_idx=126 rv_idx=2...OK TX...OK RX
checking cb_idx=126 rv_idx=3...OK TX...OK RX
checking cb_idx=127 rv_idx=0...OK TX...OK RX
checking cb_idx=127 rv_idx=1...OK TX...OK RX
checking cb_idx=127 rv_idx=2...OK TX...OK RX
checking cb_idx=127 rv_idx=3...OK TX...OK RX
checking cb_idx=128 rv_idx=0...OK TX...OK RX
checking cb_idx=128 rv_idx=1...OK TX...OK RX
checking cb_idx=128 rv_idx=2...OK TX...OK RX
checking cb_idx=128 rv_idx=3...OK TX...OK RX
checking cb_idx=129 rv_idx=0...OK TX...OK RX
checking cb_idx=129 rv_idx=1...OK TX...OK RX
checking cb_idx=129 rv_idx=2...OK TX...OK RX
checking cb_idx=129 rv_idx=3...OK TX...OK RX
checking cb_idx=130 rv_idx=0...OK TX...OK RX
checking cb_idx=130 rv_idx=1...OK TX...OK RX
checking cb_idx=130 rv_idx=2...OK TX...OK RX
checking cb_idx=130 rv_idx=3...OK TX...OK RX
checking cb_idx=131 rv_idx=0...OK TX...OK RX
checking cb_idx=131 rv_idx=1...OK TX...OK RX
checking cb_idx=131 rv_idx=2...OK TX...OK RX
checking cb_idx=131 rv_idx=3...OK TX...OK RX
checking cb_idx=132 rv_idx=0...OK TX...OK RX
checking cb_idx=132 rv_idx=1...OK TX...OK RX
checking cb_idx=132 rv_idx=2...OK TX...OK RX
checking cb_idx=132 rv_idx=3...OK TX...OK RX
checking cb_idx=133 rv_idx=0...OK TX...OK RX
checking cb_idx=133 rv_idx=1...OK TX...OK RX
checking cb_idx=133 rv_idx=2...OK TX...OK RX
checking cb_idx=133 rv_idx=3...OK TX...OK RX
checking cb_idx=134 rv_idx=0...OK TX...OK RX
checking cb_idx=134 rv_idx=1...OK TX...OK RX
checking cb_idx=134 rv_idx=2...OK TX...OK RX
checking cb_idx=134 rv_idx=3...OK TX...OK RX
checking cb_idx=135 rv_idx=0...OK TX...OK RX
checking cb_idx=135 rv_idx=1...OK TX...OK RX
checking cb_idx=135 rv_idx=2...OK TX...OK RX
checking cb_idx=135 rv_idx=3...OK TX...OK RX
checking cb_idx=136 rv_idx=0...OK TX...OK RX
checking cb_idx=136 rv_idx=1...OK TX...OK RX
checking cb_idx=136 rv_idx=2...OK TX...OK RX
checking cb_idx=136 rv_idx=3...OK TX...OK RX
checking cb_idx=137 rv_idx=0...OK TX...OK RX
checking cb_idx=137 rv_idx=1...OK TX...OK RX
checking cb_idx=137 rv_idx=2...OK TX...OK RX
checking cb_idx=137 rv_idx=3...OK TX...OK RX
checking cb_idx=138 rv_idx=0...OK TX...OK RX
checking cb_idx=138 rv_idx=1...OK TX...OK RX
checking cb_idx=138 rv_idx=2...OK TX...OK RX
checking cb_idx=138 rv_idx=3...OK TX...OK RX
checking cb_idx=139 rv_idx=0...OK TX...OK RX
checking cb_idx=139 rv_idx=1...OK TX...OK RX
checking cb_idx=139 rv_idx=2...OK TX...OK RX
checking cb_idx=139 rv_idx=3...OK TX...OK RX
checking cb_idx=140 rv_idx=0...OK TX...OK RX
checking cb_idx=140 rv_idx=1...OK TX...OK RX
checking cb_idx=140 rv_idx=2...OK TX...OK RX
checking cb_idx=140 rv_idx=3...OK TX...OK RX
checking cb_idx=141 rv_idx=0...OK TX...OK RX
checking cb_idx=141 rv_idx=1...OK TX...OK RX
checking cb_idx=141 rv_idx=2...OK TX...OK RX
checking cb_idx=141 rv_idx=3...OK TX...OK RX
checking cb_idx=142 rv_idx=0...OK TX...OK RX
checking cb_idx=142 rv_idx=1...OK TX...OK RX
checking cb_idx=142 rv_idx=2...OK TX...OK RX
checking cb_idx=142 rv_idx=3...OK TX...OK RX
checking cb_idx=143 rv_idx=0...OK TX...OK RX
checking cb_idx=143 rv_idx=1...OK TX...OK RX
checking cb_idx=143 rv_idx=2...OK TX...OK RX
checking cb_idx=143 rv_idx=3...OK TX...OK RX
checking cb_idx=144 rv_idx=0...OK TX...OK RX
checking cb_idx=144 rv_idx=1...OK TX...OK RX
checking cb_idx=144 rv_idx=2...OK TX...OK RX
checking cb_idx=144 rv_idx=3...OK TX...OK RX
checking cb_idx=145 rv_idx=0...OK TX...OK RX
checking cb_idx=145 rv_idx=1...OK TX...OK RX
checking cb_idx=145 rv_idx=2...OK TX...OK RX
checking cb_idx=145 rv_idx=3...OK TX...OK RX
checking cb_idx=146 rv_idx=0...OK TX...OK RX
checking cb_idx=146 rv_idx=1...OK TX...OK RX
checking cb_idx=146 rv_idx=2...OK TX...OK RX
checking cb_idx=146 rv_idx=3...OK TX...OK RX
checking cb_idx=147 rv_idx=0...OK TX...OK RX
checking cb_idx=147 rv_idx=1...OK TX...OK RX
checking cb_idx=147 rv_idx=2...OK TX...OK RX
checking cb_idx=147 rv_idx=3...OK TX...OK RX
checking cb_idx=148 rv_idx=0...OK TX...OK RX
checking cb_idx=148 rv_idx=1...OK TX...OK RX
checking cb_idx=148 rv_idx=2...OK TX...OK RX
checking cb_idx=148 rv_idx=3...OK TX...OK RX
checking cb_idx=149 rv_idx=0...OK TX...OK RX
checking cb_idx=149 rv_idx=1...OK TX...OK RX
checking cb_idx=149 rv_idx=2...OK TX...OK RX
checking cb_idx=149 rv_idx=3...OK TX...OK RX
checking cb_idx=150 rv_idx=0...OK TX...OK RX
checking cb_idx=150 rv_idx=1...OK TX...OK RX
checking cb_idx=150 rv_idx=2...OK TX...OK RX
checking cb_idx=150 rv_idx=3...OK TX...OK RX
checking cb_idx=151 rv_idx=0...OK TX...OK RX
checking cb_idx=151 rv_idx=1...OK TX...OK RX
checking cb_idx=151 rv_idx=2...OK TX...OK RX
checking cb_idx=151 rv_idx=3...OK TX...OK RX
checking cb_idx=152 rv_idx=0...OK TX...OK RX
checking cb_idx=152 rv_idx=1...OK TX...OK RX
checking cb_idx=152 rv_idx=2...OK TX...OK RX
checking cb_idx=152 rv_idx=3...OK TX...OK RX
checking cb_idx=153 rv_idx=0...OK TX...OK RX
checking cb_idx=153 rv_idx=1...OK TX...OK RX
checking cb_idx=153 rv_idx=2...OK TX...OK RX
checking cb_idx=153 rv_idx=3...OK TX...OK RX
checking cb_idx=154 rv_idx=0...OK TX...OK RX
checking cb_idx=154 rv_idx=1...OK TX...OK RX
checking cb_idx=154 rv_idx=2...OK TX...OK RX
checking cb_idx=154 rv_idx=3...OK TX...OK RX
checking cb_idx=155 rv_idx=0...OK TX...OK RX
checking cb_idx=155 rv_idx=1...OK TX...OK RX
checking cb_idx=155 rv_idx=2...OK TX...OK RX
checking cb_idx=155 rv_idx=3...OK TX...OK RX
checking cb_idx=156 rv_idx=0...OK TX...OK RX
checking cb_idx=156 rv_idx=1...OK TX...OK RX
checking cb_idx=156 rv_idx=2...OK TX...OK RX
checking cb_idx=156 rv_idx=3...OK TX...OK RX
checking cb_idx=157 rv_idx=0...OK TX...OK RX
checking cb_idx=157 rv_idx=1...OK TX...OK RX
checking cb_idx=157 rv_idx=2...OK TX...OK RX
checking cb_idx=157 rv_idx=3...OK TX...OK RX
checking cb_idx=158 rv_idx=0...OK TX...OK RX
checking cb_idx=158 rv_idx=1...OK TX...OK RX
checking cb_idx=158 rv_idx=2...OK TX...OK RX
checking cb_idx=158 rv_idx=3...OK TX...OK RX
checking cb_idx=159 rv_idx=0...OK TX...OK RX
checking cb_idx=159 rv_idx=1...OK TX...OK RX
checking cb_idx=159 rv_idx=2...OK TX...OK RX
checking cb_idx=159 rv_idx=3...OK TX...OK RX
checking cb_idx=160 rv_idx=0...OK TX...OK RX
checking cb_idx=160 rv_idx=1...OK TX...OK RX
checking cb_idx=160 rv_idx=2...OK TX...OK RX
checking cb_idx=160 rv_idx=3...OK TX...OK RX
checking cb_idx=161 rv_idx=0...OK TX...OK RX
checking cb_idx=161 rv_idx=1...OK TX...OK RX
checking cb_idx=161 rv_idx=2...OK TX...OK RX
checking cb_idx=161 rv_idx=3...OK TX...OK RX
checking cb_idx=162 rv_idx=0...OK TX...OK RX
checking cb_idx=162 rv_idx=1...OK TX...OK RX
checking cb_idx=162 rv_idx=2...OK TX...OK RX
checking cb_idx=162 rv_idx=3...OK TX...OK RX
checking cb_idx=163 rv_idx=0...OK TX...OK RX
checking cb_idx=163 rv_idx=1...OK TX...OK RX
checking cb_idx=163 rv_idx=2...OK TX...OK RX
checking cb_idx=163 rv_idx=3...OK TX...OK RX
checking cb_idx=164 rv_idx=0...OK TX...OK RX
checking cb_idx=164 rv_idx=1...OK TX...OK RX
checking cb_idx=164 rv_idx=2...OK TX...OK RX
checking cb_idx=164 rv_idx=3...OK TX...OK RX
checking cb_idx=165 rv_idx=0...OK TX...OK RX
checking cb_idx=165 rv_idx=1...OK TX...OK RX
checking cb_idx=165 rv_idx=2...OK TX...OK RX
checking cb_idx=165 rv_idx=3...OK TX...OK RX
checking cb_idx=166 rv_idx=0...OK TX...OK RX
checking cb_idx=166 rv_idx=1...OK TX...OK RX
checking cb_idx=166 rv_idx=2...OK TX...OK RX
checking cb_idx=166 rv_idx=3...OK TX...OK RX
checking cb_idx=167 rv_idx=0...OK TX...OK RX
checking cb_idx=167 rv_idx=1...OK TX...OK RX
checking cb_idx=167 rv_idx=2...OK TX...OK RX
checking cb_idx=167 rv_idx=3...OK TX...OK RX
checking cb_idx=168 rv_idx=0...OK TX...OK RX
checking cb_idx=168 rv_idx=1...OK TX...OK RX
checking cb_idx=168 rv_idx=2...OK TX...OK RX
checking cb_idx=168 rv_idx=3...OK TX...OK RX
checking cb_idx=169 rv_idx=0...OK TX...OK RX
checking cb_idx=169 rv_idx=1...OK TX...OK RX
checking cb_idx=169 rv_idx=2...OK TX...OK RX
checking cb_idx=169 rv_idx=3...OK TX...OK RX
checking cb_idx=170 rv_idx=0...OK TX...OK RX
checking cb_idx=170 rv_idx=1...OK TX...OK RX
checking cb_idx=170 rv_idx=2...OK TX...OK RX
checking cb_idx=170 rv_idx=3...OK TX...OK RX
checking cb_idx=171 rv_idx=0...OK TX...OK RX
checking cb_idx=171 rv_idx=1...OK TX...OK RX
checking cb_idx=171 rv_idx=2...OK TX...OK RX
checking cb_idx=171 rv_idx=3...OK TX...OK RX
checking cb_idx=172 rv_idx=0...OK TX...OK RX
checking cb_idx=172 rv_idx=1...OK TX...OK RX
checking cb_idx=172 rv_idx=2...OK TX...OK RX
checking cb_idx=172 rv_idx=3...OK TX...OK RX
checking cb_idx=173 rv_idx=0...OK TX...OK RX
checking cb_idx=173 rv_idx=1...OK TX...OK RX
checking cb_idx=173 rv_idx=2...OK TX...OK RX
checking cb_idx=173 rv_idx=3...OK TX...OK RX
checking cb_idx=174 rv_idx=0...OK TX...OK RX
checking cb_idx=174 rv_idx=1...OK TX...OK RX
checking cb_idx=174 rv_idx=2...OK TX...OK RX
checking cb_idx=174 rv_idx=3...OK TX...OK RX
checking cb_idx=175 rv_idx=0...OK TX...OK RX
checking cb_idx=175 rv_idx=1...OK TX...OK RX
checking cb_idx=175 rv_idx=2...OK TX...OK RX
checking cb_idx=175 rv_idx=3...OK TX...OK RX
checking cb_idx=176 rv_idx=0...OK TX...OK RX
checking cb_idx=176 rv_idx=1...OK TX...OK RX
checking cb_idx=176 rv_idx=2...OK TX...OK RX
checking cb_idx=176 rv_idx=3...OK TX...OK RX
checking cb_idx=177 rv_idx=0...OK TX...OK RX
checking cb_idx=177 rv_idx=1...OK TX...OK RX
checking cb_idx=177 rv_idx=2...OK TX...OK RX
checking cb_idx=177 rv_idx=3...OK TX...OK RX
checking cb_idx=178 rv_idx=0...OK TX...OK RX
checking cb_idx=178 rv_idx=1...OK TX...OK RX
checking cb_idx=178 rv_idx=2...OK TX...OK RX
checking cb_idx=178 rv_idx=3...OK TX...OK RX
checking cb_idx=179 rv_idx=0...OK TX...OK RX
checking cb_idx=179 rv_idx=1...OK TX...OK RX
checking cb_idx=179 rv_idx=2...OK TX...OK RX
checking cb_idx=179 rv_idx=3...OK TX...OK RX
checking cb_idx=180 rv_idx=0...OK TX...OK RX
checking cb_idx=180 rv_idx=1...OK TX...OK RX
checking cb_idx=180 rv_idx=2...OK TX...OK RX
checking cb_idx=180 rv_idx=3...OK TX...OK RX
checking cb_idx=181 rv_idx=0...OK TX...OK RX
checking cb_idx=181 rv_idx=1...OK TX...OK RX
checking cb_idx=181 rv_idx=2...OK TX...OK RX
checking cb_idx=181 rv_idx=3...OK TX...OK RX
checking cb_idx=182 rv_idx=0...OK TX...OK RX
checking cb_idx=182 rv_idx=1...OK TX...OK RX
checking cb_idx=182 rv_idx=2...OK TX...OK RX
checking cb_idx=182 rv_idx=3...OK TX...OK RX
checking cb_idx=183 rv_idx=0...OK TX...OK RX
checking cb_idx=183 rv_idx=1...OK TX...OK RX
checking cb_idx=183 rv_idx=2...OK TX...OK RX
checking cb_idx=183 rv_idx=3...OK TX...OK RX
checking cb_idx=184 rv_idx=0...OK TX...OK RX
checking cb_idx=184 rv_idx=1...OK TX...OK RX
checking cb_idx=184 rv_idx=2...OK TX...OK RX
checking cb_idx=184 rv_idx=3...OK TX...OK RX
checking cb_idx=185 rv_idx=0...OK TX...OK RX
checking cb_idx=185 rv_idx=1...OK TX...OK RX
checking cb_idx=185 rv_idx=2...OK TX...OK RX
checking cb_idx=185 rv_idx=3...OK TX...OK RX
checking cb_idx=186 rv_idx=0...OK TX...OK RX
checking cb_idx=186 rv_idx=1...OK TX...OK RX
checking cb_idx=186 rv_idx=2...OK TX...OK RX
checking cb_idx=186 rv_idx=3...OK TX...OK RX
checking cb_idx=187 rv_idx=0...OK TX...OK RX
checking cb_idx=187 rv_idx=1...OK TX...OK RX
checking cb_idx=187 rv_idx=2...OK TX...OK RX
checking cb_idx=187 rv_idx=3...OK TX...OK RX
<end of output>
Test time =   0.32 sec
----------------------------------------------------------
Test Passed.
"rm_turbo_test_2" end time: Apr 17 16:41 CST
"rm_turbo_test_2" time elapsed: 00:00:00
----------------------------------------------------------

10/224 Testing: turbodecoder_test_504_1
10/224 Test: turbodecoder_test_504_1
Command: "/home/wantong/srsLTE/build/lib/src/phy/fec/test/turbodecoder_test" "-n" "100" "-s" "1" "-l" "504" "-e" "1.0" "-t"
Directory: /home/wantong/srsLTE/build/lib/src/phy/fec/test
"turbodecoder_test_504_1" start time: Apr 17 16:41 CST
Output:
----------------------------------------------------------
  Frame length: 504
  EbNo: 1.00
Eb/No: 1.00          1/100   BER: 2.94e-01  109.6 Mbps (  4.60 usec)Eb/No: 1.00          2/100   BER: 2.92e-01  61.9 Mbps (  8.14 usec)Eb/No: 1.00          3/100   BER: 3.08e-01  44.5 Mbps ( 11.33 usec)Eb/No: 1.00          4/100   BER: 3.12e-01  35.5 Mbps ( 14.19 usec)Eb/No: 1.00          5/100   BER: 3.10e-01  30.0 Mbps ( 16.77 usec)Eb/No: 1.00          6/100   BER: 3.08e-01  26.4 Mbps ( 19.10 usec)Eb/No: 1.00          7/100   BER: 3.09e-01  23.8 Mbps ( 21.19 usec)Eb/No: 1.00          8/100   BER: 3.03e-01  21.8 Mbps ( 23.07 usec)Eb/No: 1.00          9/100   BER: 3.06e-01  20.4 Mbps ( 24.76 usec)Eb/No: 1.00         10/100   BER: 3.05e-01  19.2 Mbps ( 26.29 usec)Eb/No: 1.00         11/100   BER: 3.09e-01  18.2 Mbps ( 27.66 usec)Eb/No: 1.00         12/100   BER: 3.07e-01  17.4 Mbps ( 28.89 usec)Eb/No: 1.00         13/100   BER: 3.08e-01  16.8 Mbps ( 30.00 usec)Eb/No: 1.00         14/100   BER: 3.13e-01  16.2 Mbps ( 31.10 usec)Eb/No: 1.00         15/100   BER: 3.15e-01  15.8 Mbps ( 31.99 usec)Eb/No: 1.00         16/100   BER: 3.12e-01  15.4 Mbps ( 32.79 usec)Eb/No: 1.00         17/100   BER: 3.14e-01  15.0 Mbps ( 33.51 usec)Eb/No: 1.00         18/100   BER: 3.15e-01  14.8 Mbps ( 34.16 usec)Eb/No: 1.00         19/100   BER: 3.16e-01  14.5 Mbps ( 34.75 usec)Eb/No: 1.00         20/100   BER: 3.16e-01  13.4 Mbps ( 37.57 usec)Eb/No: 1.00         21/100   BER: 3.16e-01  13.3 Mbps ( 37.91 usec)Eb/No: 1.00         22/100   BER: 3.15e-01  13.2 Mbps ( 38.12 usec)Eb/No: 1.00         23/100   BER: 3.13e-01  13.2 Mbps ( 38.31 usec)Eb/No: 1.00         24/100   BER: 3.15e-01  13.1 Mbps ( 38.48 usec)Eb/No: 1.00         25/100   BER: 3.15e-01  13.0 Mbps ( 38.63 usec)Eb/No: 1.00         26/100   BER: 3.13e-01  13.0 Mbps ( 38.77 usec)Eb/No: 1.00         27/100   BER: 3.13e-01  13.0 Mbps ( 38.89 usec)Eb/No: 1.00         28/100   BER: 3.12e-01  12.9 Mbps ( 39.00 usec)Eb/No: 1.00         29/100   BER: 3.10e-01  12.9 Mbps ( 39.10 usec)Eb/No: 1.00         30/100   BER: 3.10e-01  12.9 Mbps ( 39.19 usec)Eb/No: 1.00         31/100   BER: 3.12e-01  12.8 Mbps ( 39.27 usec)Eb/No: 1.00         32/100   BER: 3.10e-01  12.8 Mbps ( 39.35 usec)Eb/No: 1.00         33/100   BER: 3.10e-01  12.8 Mbps ( 39.51 usec)Eb/No: 1.00         34/100   BER: 3.08e-01  12.7 Mbps ( 39.56 usec)Eb/No: 1.00         35/100   BER: 3.07e-01  12.7 Mbps ( 39.60 usec)Eb/No: 1.00         36/100   BER: 3.08e-01  12.7 Mbps ( 39.64 usec)Eb/No: 1.00         37/100   BER: 3.08e-01  12.7 Mbps ( 39.68 usec)Eb/No: 1.00         38/100   BER: 3.09e-01  12.7 Mbps ( 39.71 usec)Eb/No: 1.00         39/100   BER: 3.10e-01  12.7 Mbps ( 39.74 usec)Eb/No: 1.00         40/100   BER: 3.11e-01  12.7 Mbps ( 39.77 usec)Eb/No: 1.00         41/100   BER: 3.10e-01  12.7 Mbps ( 39.79 usec)Eb/No: 1.00         42/100   BER: 3.11e-01  12.7 Mbps ( 39.81 usec)Eb/No: 1.00         43/100   BER: 3.10e-01  12.7 Mbps ( 39.83 usec)Eb/No: 1.00         44/100   BER: 3.10e-01  12.6 Mbps ( 39.85 usec)Eb/No: 1.00         45/100   BER: 3.10e-01  12.6 Mbps ( 39.86 usec)Eb/No: 1.00         46/100   BER: 3.10e-01  12.6 Mbps ( 39.88 usec)Eb/No: 1.00         47/100   BER: 3.10e-01  12.6 Mbps ( 39.89 usec)Eb/No: 1.00         48/100   BER: 3.10e-01  12.6 Mbps ( 39.90 usec)Eb/No: 1.00         49/100   BER: 3.10e-01  12.6 Mbps ( 39.91 usec)Eb/No: 1.00         50/100   BER: 3.11e-01  12.6 Mbps ( 39.92 usec)Eb/No: 1.00         51/100   BER: 3.11e-01  12.6 Mbps ( 40.03 usec)Eb/No: 1.00         52/100   BER: 3.12e-01  12.4 Mbps ( 40.52 usec)Eb/No: 1.00         53/100   BER: 3.11e-01  12.5 Mbps ( 40.47 usec)Eb/No: 1.00         54/100   BER: 3.12e-01  12.4 Mbps ( 40.52 usec)Eb/No: 1.00         55/100   BER: 3.12e-01  12.5 Mbps ( 40.47 usec)Eb/No: 1.00         56/100   BER: 3.13e-01  12.5 Mbps ( 40.42 usec)Eb/No: 1.00         57/100   BER: 3.13e-01  12.5 Mbps ( 40.38 usec)Eb/No: 1.00         58/100   BER: 3.13e-01  12.5 Mbps ( 40.34 usec)Eb/No: 1.00         59/100   BER: 3.13e-01  12.4 Mbps ( 40.81 usec)Eb/No: 1.00         60/100   BER: 3.13e-01  12.4 Mbps ( 40.73 usec)Eb/No: 1.00         61/100   BER: 3.12e-01  12.4 Mbps ( 40.76 usec)Eb/No: 1.00         62/100   BER: 3.12e-01  12.4 Mbps ( 40.68 usec)Eb/No: 1.00         63/100   BER: 3.12e-01  12.4 Mbps ( 40.61 usec)Eb/No: 1.00         64/100   BER: 3.13e-01  12.4 Mbps ( 40.55 usec)Eb/No: 1.00         65/100   BER: 3.13e-01  12.4 Mbps ( 40.50 usec)Eb/No: 1.00         66/100   BER: 3.12e-01  12.5 Mbps ( 40.45 usec)Eb/No: 1.00         67/100   BER: 3.12e-01  12.5 Mbps ( 40.40 usec)Eb/No: 1.00         68/100   BER: 3.13e-01  12.5 Mbps ( 40.46 usec)Eb/No: 1.00         69/100   BER: 3.13e-01  12.5 Mbps ( 40.42 usec)Eb/No: 1.00         70/100   BER: 3.13e-01  12.5 Mbps ( 40.37 usec)Eb/No: 1.00         71/100   BER: 3.13e-01  12.5 Mbps ( 40.34 usec)Eb/No: 1.00         72/100   BER: 3.13e-01  12.5 Mbps ( 40.30 usec)Eb/No: 1.00         73/100   BER: 3.13e-01  12.5 Mbps ( 40.27 usec)Eb/No: 1.00         74/100   BER: 3.14e-01  12.5 Mbps ( 40.25 usec)Eb/No: 1.00         75/100   BER: 3.13e-01  12.5 Mbps ( 40.22 usec)Eb/No: 1.00         76/100   BER: 3.13e-01  12.5 Mbps ( 40.20 usec)Eb/No: 1.00         77/100   BER: 3.13e-01  12.5 Mbps ( 40.18 usec)Eb/No: 1.00         78/100   BER: 3.13e-01  12.5 Mbps ( 40.16 usec)Eb/No: 1.00         79/100   BER: 3.13e-01  12.6 Mbps ( 40.14 usec)Eb/No: 1.00         80/100   BER: 3.13e-01  12.6 Mbps ( 40.13 usec)Eb/No: 1.00         81/100   BER: 3.13e-01  12.6 Mbps ( 40.12 usec)Eb/No: 1.00         82/100   BER: 3.14e-01  12.6 Mbps ( 40.11 usec)Eb/No: 1.00         83/100   BER: 3.13e-01  12.4 Mbps ( 40.70 usec)Eb/No: 1.00         84/100   BER: 3.13e-01  12.4 Mbps ( 40.73 usec)Eb/No: 1.00         85/100   BER: 3.14e-01  12.4 Mbps ( 40.65 usec)Eb/No: 1.00         86/100   BER: 3.14e-01  12.4 Mbps ( 40.79 usec)Eb/No: 1.00         87/100   BER: 3.13e-01  12.4 Mbps ( 40.81 usec)Eb/No: 1.00         88/100   BER: 3.14e-01  12.4 Mbps ( 40.73 usec)E
[...]
16:42:05.034078 [RLC_AM_1] [D]  vt_a = 0, vt_ms = 512, vt_s = 3, poll_sn = 0 vr_r = 0, vr_mr = 512, vr_x = 0, vr_ms = 0, vr_h = 0
16:42:05.034082 [RLC_AM_1] [D] MAC opportunity - 278 bytes
16:42:05.034169 [RLC_AM_1] [D] tx_window size - 3 PDUs
16:42:05.034175 [RLC_AM_1] [D]  Building PDU - pdu_space: 278, head_len: 2 
16:42:05.034180 [RLC_AM_1] [D]  Complete SDU scheduled for tx. Stack latency: 0 us
16:42:05.034184 [RLC_AM_1] [D]  Building PDU - added SDU segment (len:54) - pdu_space: 224, head_len: 2 
16:42:05.034187 [RLC_AM_1] [D]  Complete SDU scheduled for tx. Stack latency: 0 us
16:42:05.034190 [RLC_AM_1] [D]  Building PDU - added SDU segment (len:54) - pdu_space: 170, head_len: 4 
16:42:05.034194 [RLC_AM_1] [D]  Complete SDU scheduled for tx. Stack latency: 0 us
16:42:05.034197 [RLC_AM_1] [D]  Building PDU - added SDU segment (len:54) - pdu_space: 116, head_len: 5 
16:42:05.034200 [RLC_AM_1] [D]  Complete SDU scheduled for tx. Stack latency: 0 us
16:42:05.034203 [RLC_AM_1] [D]  Building PDU - added SDU segment (len:54) - pdu_space: 62, head_len: 7 
16:42:05.034207 [RLC_AM_1] [D]  Complete SDU scheduled for tx. Stack latency: 0 us
16:42:05.034211 [RLC_AM_1] [D]  Building PDU - added SDU segment (len:54) - pdu_space: 8, head_len: 8 
16:42:05.034214 [RLC_AM_1] [D]  pdu_without_poll: 4
16:42:05.034217 [RLC_AM_1] [D]  byte_without_poll: 314
16:42:05.034221 [RLC_AM_1] [I]  PDU scheduled for tx. SN: 3
16:42:05.034224 [RLC_AM_1] [D]  vt_a = 0, vt_ms = 512, vt_s = 4, poll_sn = 0 vr_r = 0, vr_mr = 512, vr_x = 0, vr_ms = 0, vr_h = 0
16:42:05.034228 [RLC_AM_1] [D] MAC opportunity - 56 bytes
16:42:05.034231 [RLC_AM_1] [D] tx_window size - 4 PDUs
16:42:05.034234 [RLC_AM_1] [D]  Building PDU - pdu_space: 56, head_len: 2 
16:42:05.034238 [RLC_AM_1] [D]  Complete SDU scheduled for tx. Stack latency: 0 us
16:42:05.034241 [RLC_AM_1] [D]  Building PDU - added SDU segment (len:54) - pdu_space: 2, head_len: 2 
16:42:05.034244 [RLC_AM_1] [D]  pdu_without_poll: 5
16:42:05.034247 [RLC_AM_1] [D]  byte_without_poll: 370
16:42:05.034250 [RLC_AM_1] [D]  setting poll bit to request status
16:42:05.034253 [RLC_AM_1] [I]  PDU scheduled for tx. SN: 4
16:42:05.034258 [RLC_AM_1] [D]  vt_a = 0, vt_ms = 512, vt_s = 5, poll_sn = 4 vr_r = 0, vr_mr = 512, vr_x = 0, vr_ms = 0, vr_h = 0
16:42:05.034263 [RLC_AM_2] [I]  Rx data PDU SN: 0
16:42:05.034270 [RLC_AM_2] [I]  Rx SDU
16:42:05.034275 [RLC_AM_2] [D]  vt_a = 0, vt_ms = 512, vt_s = 0, poll_sn = 0 vr_r = 1, vr_mr = 513, vr_x = 0, vr_ms = 1, vr_h = 1
16:42:05.034279 [RLC_AM_2] [I]  Rx data PDU SN: 1
16:42:05.034283 [RLC_AM_2] [I]  Rx SDU
16:42:05.034287 [RLC_AM_2] [D]  vt_a = 0, vt_ms = 512, vt_s = 0, poll_sn = 0 vr_r = 2, vr_mr = 514, vr_x = 0, vr_ms = 2, vr_h = 2
16:42:05.034290 [RLC_AM_2] [I]  Rx data PDU SN: 2
16:42:05.034294 [RLC_AM_2] [I]  Rx SDU
16:42:05.034298 [RLC_AM_2] [D]  vt_a = 0, vt_ms = 512, vt_s = 0, poll_sn = 0 vr_r = 3, vr_mr = 515, vr_x = 0, vr_ms = 3, vr_h = 3
16:42:05.034301 [RLC_AM_2] [I]  Rx data PDU SN: 4
16:42:05.034305 [RLC_AM_2] [I]  Status packet requested through polling bit
16:42:05.034308 [RLC_AM_2] [D]  vt_a = 0, vt_ms = 512, vt_s = 0, poll_sn = 0 vr_r = 3, vr_mr = 515, vr_x = 5, vr_ms = 3, vr_h = 5
16:42:05.044606 [RLC_AM_2] [D] MAC opportunity - 10 bytes
16:42:05.044648 [RLC_AM_2] [D] tx_window size - 0 PDUs
16:42:05.044672 [RLC_AM_2] [I] No data available to be sent
16:42:05.044682 [RLC_AM_1] [D] MAC opportunity - 129 bytes
16:42:05.044689 [RLC_AM_1] [D] tx_window size - 5 PDUs
16:42:05.044695 [RLC_AM_1] [I] No data available to be sent
16:42:05.044700 [RLC_AM_1] [D] MAC opportunity - 159 bytes
16:42:05.044705 [RLC_AM_1] [D] tx_window size - 5 PDUs
16:42:05.044711 [RLC_AM_1] [I] No data available to be sent
<end of output>
Test time =   0.10 sec
----------------------------------------------------------
Test Passed.
"rlc_am_test" end time: Apr 17 16:42 CST
"rlc_am_test" time elapsed: 00:00:00
----------------------------------------------------------

219/224 Testing: rlc_um_data_test
219/224 Test: rlc_um_data_test
Command: "/home/wantong/srsLTE/build/lib/test/upper/rlc_um_data_test"
Directory: /home/wantong/srsLTE/build/lib/test/upper
"rlc_um_data_test" start time: Apr 17 16:42 CST
Output:
----------------------------------------------------------
<end of output>
Test time =   0.01 sec
----------------------------------------------------------
Test Passed.
"rlc_um_data_test" end time: Apr 17 16:42 CST
"rlc_um_data_test" time elapsed: 00:00:00
----------------------------------------------------------

220/224 Testing: rlc_um_test
220/224 Test: rlc_um_test
Command: "/home/wantong/srsLTE/build/lib/test/upper/rlc_um_test"
Directory: /home/wantong/srsLTE/build/lib/test/upper
"rlc_um_test" start time: Apr 17 16:42 CST
Output:
----------------------------------------------------------
16:42:05.066598 [RLC_UM_1] [W]  configured in UM BI mode: t_reordering=5 ms, rx_sn_field_length=10 bits, tx_sn_field_length=10 bits
16:42:05.066755 [RLC_UM_2] [W]  configured in UM BI mode: t_reordering=5 ms, rx_sn_field_length=10 bits, tx_sn_field_length=10 bits
16:42:05.066781 [RLC_UM_1] [I]  Tx SDU, tx_sdu_len=1
16:42:05.066813 [RLC_UM_1] [I]  Tx SDU, tx_sdu_len=2
16:42:05.066819 [RLC_UM_1] [I]  Tx SDU, tx_sdu_len=3
16:42:05.066825 [RLC_UM_1] [I]  Tx SDU, tx_sdu_len=4
16:42:05.066829 [RLC_UM_1] [I]  Tx SDU, tx_sdu_len=5
16:42:05.066837 [RLC_UM_1] [D] MAC opportunity - 4 bytes
16:42:05.066842 [RLC_UM_1] [D] pdu_space=4, head_len=2
16:42:05.066850 [RLC_UM_1] [D]  adding new SDU segment - 1 bytes of 1 remaining
16:42:05.066854 [RLC_UM_1] [D]  Complete SDU scheduled for tx. Stack latency: 0 us
16:42:05.066858 [RLC_UM_1] [D]  packing PDU with length 1
16:42:05.066861 [RLC_UM_1] [D]  returning length 3
16:42:05.066866 [RLC_UM_1] [D]  vt_us = 1, vr_ur = 0, vr_ux = 0, vr_uh = 0 
16:42:05.066871 [RLC_UM_1] [D] MAC opportunity - 4 bytes
16:42:05.066888 [RLC_UM_1] [D] pdu_space=4, head_len=2
16:42:05.066898 [RLC_UM_1] [D]  adding new SDU segment - 1 bytes of 1 remaining
16:42:05.066905 [RLC_UM_1] [D]  Complete SDU scheduled for tx. Stack latency: 0 us
16:42:05.066910 [RLC_UM_1] [D]  packing PDU with length 1
16:42:05.066915 [RLC_UM_1] [D]  returning length 3
16:42:05.066920 [RLC_UM_1] [D]  vt_us = 2, vr_ur = 0, vr_ux = 0, vr_uh = 0 
16:42:05.066926 [RLC_UM_1] [D] MAC opportunity - 4 bytes
16:42:05.066932 [RLC_UM_1] [D] pdu_space=4, head_len=2
16:42:05.066936 [RLC_UM_1] [D]  adding new SDU segment - 1 bytes of 1 remaining
16:42:05.066939 [RLC_UM_1] [D]  Complete SDU scheduled for tx. Stack latency: 0 us
16:42:05.066942 [RLC_UM_1] [D]  packing PDU with length 1
16:42:05.066945 [RLC_UM_1] [D]  returning length 3
16:42:05.066948 [RLC_UM_1] [D]  vt_us = 3, vr_ur = 0, vr_ux = 0, vr_uh = 0 
16:42:05.066952 [RLC_UM_1] [D] MAC opportunity - 4 bytes
16:42:05.066955 [RLC_UM_1] [D] pdu_space=4, head_len=2
16:42:05.066958 [RLC_UM_1] [D]  adding new SDU segment - 1 bytes of 1 remaining
16:42:05.066962 [RLC_UM_1] [D]  Complete SDU scheduled for tx. Stack latency: 0 us
16:42:05.066967 [RLC_UM_1] [D]  packing PDU with length 1
16:42:05.066985 [RLC_UM_1] [D]  returning length 3
16:42:05.066996 [RLC_UM_1] [D]  vt_us = 4, vr_ur = 0, vr_ux = 0, vr_uh = 0 
16:42:05.067002 [RLC_UM_1] [D] MAC opportunity - 4 bytes
16:42:05.067008 [RLC_UM_1] [D] pdu_space=4, head_len=2
16:42:05.067013 [RLC_UM_1] [D]  adding new SDU segment - 1 bytes of 1 remaining
16:42:05.067031 [RLC_UM_1] [D]  Complete SDU scheduled for tx. Stack latency: 0 us
16:42:05.067041 [RLC_UM_1] [D]  packing PDU with length 1
16:42:05.067047 [RLC_UM_1] [D]  returning length 3
16:42:05.067053 [RLC_UM_1] [D]  vt_us = 5, vr_ur = 0, vr_ux = 0, vr_uh = 0 
16:42:05.067063 [RLC_UM_2] [I] RX  Rx data PDU SN: 0
16:42:05.067072 [RLC_UM_2] [D] Entering Reassemble from received PDU
16:42:05.067085 [RLC_UM_2] [D] Writting last segment in SDU buffer. Updating vr_ur=0, Buffer size=1, segment size=1
16:42:05.067131 [RLC_UM_2] [I]  Rx SDU vr_ur=0 (update vr_ur last segments)
16:42:05.067143 [RLC_UM_2] [D] Finished reassemble from received PDU
16:42:05.067150 [RLC_UM_2] [D]  vt_us = 0, vr_ur = 1, vr_ux = 0, vr_uh = 1 
16:42:05.067185 [RLC_UM_2] [I] RX  Rx data PDU SN: 1
16:42:05.067196 [RLC_UM_2] [D] Entering Reassemble from received PDU
16:42:05.067207 [RLC_UM_2] [D] Writting last segment in SDU buffer. Updating vr_ur=1, Buffer size=1, segment size=1
16:42:05.067320 [RLC_UM_2] [I]  Rx SDU vr_ur=1 (update vr_ur last segments)
16:42:05.067330 [RLC_UM_2] [D] Finished reassemble from received PDU
16:42:05.067336 [RLC_UM_2] [D]  vt_us = 0, vr_ur = 2, vr_ux = 0, vr_uh = 2 
16:42:05.067423 [RLC_UM_2] [I] RX  Rx data PDU SN: 2
16:42:05.067436 [RLC_UM_2] [D] Entering Reassemble from received PDU
16:42:05.067456 [RLC_UM_2] [D] Writting last segment in SDU buffer. Updating vr_ur=2, Buffer size=1, segment size=1
16:42:05.067467 [RLC_UM_2] [I]  Rx SDU vr_ur=2 (update vr_ur last segments)
16:42:05.067488 [RLC_UM_2] [D] Finished reassemble from received PDU
16:42:05.067948 [RLC_UM_2] [D]  vt_us = 0, vr_ur = 3, vr_ux = 0, vr_uh = 3 
16:42:05.067968 [RLC_UM_2] [I] RX  Rx data PDU SN: 3
16:42:05.067977 [RLC_UM_2] [D] Entering Reassemble from received PDU
16:42:05.067985 [RLC_UM_2] [D] Writting last segment in SDU buffer. Updating vr_ur=3, Buffer size=1, segment size=1
16:42:05.067998 [RLC_UM_2] [I]  Rx SDU vr_ur=3 (update vr_ur last segments)
16:42:05.068005 [RLC_UM_2] [D] Finished reassemble from received PDU
16:42:05.068011 [RLC_UM_2] [D]  vt_us = 0, vr_ur = 4, vr_ux = 0, vr_uh = 4 
16:42:05.068017 [RLC_UM_2] [I] RX  Rx data PDU SN: 4
16:42:05.068024 [RLC_UM_2] [D] Entering Reassemble from received PDU
16:42:05.068030 [RLC_UM_2] [D] Writting last segment in SDU buffer. Updating vr_ur=4, Buffer size=1, segment size=1
16:42:05.068036 [RLC_UM_2] [I]  Rx SDU vr_ur=4 (update vr_ur last segments)
16:42:05.068043 [RLC_UM_2] [D] Finished reassemble from received PDU
16:42:05.068049 [RLC_UM_2] [D]  vt_us = 0, vr_ur = 5, vr_ux = 0, vr_uh = 5 
16:42:05.071537 [RLC_UM_1] [W]  configured in UM BI mode: t_reordering=5 ms, rx_sn_field_length=10 bits, tx_sn_field_length=10 bits
16:42:05.071691 [RLC_UM_2] [W]  configured in UM BI mode: t_reordering=5 ms, rx_sn_field_length=10 bits, tx_sn_field_length=10 bits
16:42:05.071705 [RLC_UM_1] [I]  Tx SDU, tx_sdu_len=1
16:42:05.071710 [RLC_UM_1] [I]  Tx SDU, tx_sdu_len=2
16:42:05.071714 [RLC_UM_1] [I]  Tx SDU, tx_sdu_len=3
16:42:05.071717 [RLC_UM_1] [I]  Tx SDU, tx_sdu_len=4
16:42:05.071720 [RLC_UM_1] [I]  Tx SDU, tx_sdu_len=5
16:42:05.071724 [RLC_UM_1] [D] MAC opportunity - 4 bytes
16:42:05.071728 [RLC_UM_1] [D] pdu_space=4, head_len=2
16:42:05.071743 [RLC_UM_1] [D]  adding new SDU segment - 1 bytes of 1 remaining
16:42:05.071754 [RLC_UM_1] [D]  Complete SDU scheduled for tx. Stack latency: 0 us
16:42:05.071778 [RLC_UM_1] [D]  packing PDU with length 1
16:42:05.071793 [RLC_UM_1] [D]  returning length 3
16:42:05.071799 [RLC_UM_1] [D]  vt_us = 1, vr_ur = 0, vr_ux = 0, vr_uh = 0 
16:42:05.071804 [RLC_UM_1] [D] MAC opportunity - 4 bytes
16:42:05.071807 [RLC_UM_1] [D] pdu_space=4, head_len=2
16:42:05.071810 [RLC_UM_1] [D]  adding new SDU segment - 1 bytes of 1 remaining
16:42:05.071813 [RLC_UM_1] [D]  Complete SDU scheduled for tx. Stack latency: 0 us
16:42:05.071817 [RLC_UM_1] [D]  packing PDU with length 1
16:42:05.071820 [RLC_UM_1] [D]  returning length 3
16:42:05.071823 [RLC_UM_1] [D]  vt_us = 2, vr_ur = 0, vr_ux = 0, vr_uh = 0 
16:42:05.071826 [RLC_UM_1] [D] MAC opportunity - 4 bytes
16:42:05.071832 [RLC_UM_1] [D] pdu_space=4, head_len=2
16:42:05.071835 [RLC_UM_1] [D]  adding new SDU segment - 1 bytes of 1 remaining
16:42:05.071838 [RLC_UM_1] [D]  Complete SDU scheduled for tx. Stack latency: 0 us
16:42:05.071842 [RLC_UM_1] [D]  packing PDU with length 1
16:42:05.071845 [RLC_UM_1] [D]  returning length 3
16:42:05.071848 [RLC_UM_1] [D]  vt_us = 3, vr_ur = 0, vr_ux = 0, vr_uh = 0 
16:42:05.071851 [RLC_UM_1] [D] MAC opportunity - 4 bytes
16:42:05.071854 [RLC_UM_1] [D] pdu_space=4, head_len=2
16:42:05.071857 [RLC_UM_1] [D]  adding new SDU segment - 1 bytes of 1 remaining
16:42:05.071860 [RLC_UM_1] [D]  Complete SDU scheduled for tx. Stack latency: 0 us
16:42:05.071863 [RLC_UM_1] [D]  packing PDU with length 1
16:42:05.071866 [RLC_UM_1] [D]  returning length 3
16:42:05.071870 [RLC_UM_1] [D]  vt_us = 4, vr_ur = 0, vr_ux = 0, vr_uh = 0 
16:42:05.071873 [RLC_UM_1] [D] MAC opportunity - 4 bytes
16:42:05.071876 [RLC_UM_1] [D] pdu_space=4, head_len=2
16:42:05.071879 [RLC_UM_1] [D]  adding new SDU segment - 1 bytes of 1 remaining
16:42:05.071882 [RLC_UM_1] [D]  Complete SDU scheduled for tx. Stack latency: 0 us
16:42:05.071992 [RLC_UM_1] [D]  packing PDU with length 1
16:42:05.072011 [RLC_UM_1] [D]  returning length 3
16:42:05.072039 [RLC_UM_1] [D]  vt_us = 5, vr_ur = 0, vr_ux = 0, vr_uh = 0 
16:42:05.072045 [RLC_UM_2] [I] RX  Rx data PDU SN: 0
16:42:05.072052 [RLC_UM_2] [D] Entering Reassemble from received PDU
16:42:05.072057 [RLC_UM_2] [D] Writting last segment in SDU buffer. Updating vr_ur=0, Buffer size=1, segment size=1
16:42:05.072061 [RLC_UM_2] [I]  Rx SDU vr_ur=0 (update vr_ur last segments)
16:42:05.072200 [RLC_UM_2] [D] Finished reassemble from received PDU
16:42:05.072208 [RLC_UM_2] [D]  vt_us = 0, vr_ur = 1, vr_ux = 0, vr_uh = 1 
16:42:05.072212 [RLC_UM_2] [I] RX  Rx data PDU SN: 2
16:42:05.072217 [RLC_UM_2] [D] Entering Reassemble from received PDU
16:42:05.072220 [RLC_UM_2] [D] Finished reassemble from received PDU
16:42:05.072224 [RLC_UM_2] [D]  vt_us = 0, vr_ur = 1, vr_ux = 3, vr_uh = 3 
16:42:05.072227 [RLC_UM_2] [I] RX  Rx data PDU SN: 3
16:42:05.072231 [RLC_UM_2] [D] Entering Reassemble from received PDU
16:42:05.072253 [RLC_UM_2] [D] Finished reassemble from received PDU
16:42:05.072259 [RLC_UM_2] [D]  vt_us = 0, vr_ur = 1, vr_ux = 3, vr_uh = 4 
16:42:05.072263 [RLC_UM_2] [I] RX  Rx data PDU SN: 4
16:42:05.072267 [RLC_UM_2] [D] Entering Reassemble from received PDU
16:42:05.072270 [RLC_UM_2] [D] Finished reassemble from received PDU
16:42:05.072273 [RLC_UM_2] [D]  vt_us = 0, vr_ur = 1, vr_ux = 3, vr_uh = 5 
16:42:05.072277 [RLC_UM_2] [I]  reordering timeout expiry - updating vr_ur and reassembling
16:42:05.072280 [RLC_UM_2] [W] Lost PDU SN: 1
16:42:05.072283 [RLC_UM_2] [D] Entering Reassemble from timeout id=0
16:42:05.072287 [RLC_UM_2] [D] Writting last segment in SDU buffer. Updating vr_ur=2, Buffer size=1, segment size=1
16:42:05.072302 [RLC_UM_2] [I]  Rx SDU vr_ur=2 (update vr_ur last segments)
16:42:05.072312 [RLC_UM_2] [D] Writting last segment in SDU buffer. Updating vr_ur=3, Buffer size=1, segment size=1
16:42:05.072316 [RLC_UM_2] [I]  Rx SDU vr_ur=3 (update vr_ur last segments)
16:42:05.072320 [RLC_UM_2] [D] Writting last segment in SDU buffer. Updating vr_ur=4, Buffer size=1, segment size=1
16:42:05.072323 [RLC_UM_2] [I]  Rx SDU vr_ur=4 (update vr_ur last segments)
16:42:05.072326 [RLC_UM_2] [D] Finished reassemble from timeout id=0
16:42:05.072330 [RLC_UM_2] [D]  vt_us = 0, vr_ur = 5, vr_ux = 3, vr_uh = 5 
<end of output>
Test time =   0.03 sec
----------------------------------------------------------
Test Passed.
"rlc_um_test" end time: Apr 17 16:42 CST
"rlc_um_test" time elapsed: 00:00:00
----------------------------------------------------------

221/224 Testing: metrics_test
221/224 Test: metrics_test
Command: "/home/wantong/srsLTE/build/srsue/test/metrics_test" "-o" "/home/wantong/srsLTE/build/srsue/test/ue_metrics.csv"
Directory: /home/wantong/srsLTE/build/srsue/test
"metrics_test" start time: Apr 17 16:42 CST
Output:
----------------------------------------------------------
Running for 2 seconds ..
--- disconnected ---
--- disconnected ---
<end of output>
Test time =   2.01 sec
----------------------------------------------------------
Test Passed.
"metrics_test" end time: Apr 17 16:42 CST
"metrics_test" time elapsed: 00:00:02
----------------------------------------------------------

222/224 Testing: usim_test
222/224 Test: usim_test
Command: "/home/wantong/srsLTE/build/srsue/test/upper/usim_test"
Directory: /home/wantong/srsLTE/build/srsue/test/upper
"usim_test" start time: Apr 17 16:42 CST
Output:
----------------------------------------------------------
Invalid length for IMEI: 14 should be 15
<end of output>
Test time =   0.00 sec
----------------------------------------------------------
Test Passed.
"usim_test" end time: Apr 17 16:42 CST
"usim_test" time elapsed: 00:00:00
----------------------------------------------------------

223/224 Testing: rrc_reconfig_test
223/224 Test: rrc_reconfig_test
Command: "/home/wantong/srsLTE/build/srsue/test/upper/rrc_reconfig_test"
Directory: /home/wantong/srsLTE/build/srsue/test/upper
"rrc_reconfig_test" start time: Apr 17 16:42 CST
Output:
----------------------------------------------------------
Unhandled feature in RRC function: liblte_rrc_unpack_rrc_connection_reconfiguration_msg

Detected an extension in RRC function: liblte_rrc_unpack_mac_main_config_ie
done
<end of output>
Test time =   0.01 sec
----------------------------------------------------------
Test Passed.
"rrc_reconfig_test" end time: Apr 17 16:42 CST
"rrc_reconfig_test" time elapsed: 00:00:00
----------------------------------------------------------

224/224 Testing: nas_test
224/224 Test: nas_test
Command: "/home/wantong/srsLTE/build/srsue/test/upper/nas_test"
Directory: /home/wantong/srsLTE/build/srsue/test/upper
"nas_test" start time: Apr 17 16:42 CST
Output:
----------------------------------------------------------
16:42:07.113375 [NAS] [I] DL lcid PDU
             0000: 07 52 01 0c 63 a8 54 13 e6 a4 ce d9 86 fb e5 ce 
             0010: 9b 62 5e 10 67 57 b3 c2 b9 70 90 01 0c 72 8a 67 
             0020: 57 92 52 b8 
16:42:07.113606 [NAS] [I] DL lcid Decrypted PDU
             0000: 07 52 01 0c 63 a8 54 13 e6 a4 ce d9 86 fb e5 ce 
             0010: 9b 62 5e 10 67 57 b3 c2 b9 70 90 01 0c 72 8a 67 
             0020: 57 92 52 b8 
16:42:07.113625 [NAS] [I] Received Authentication Request
16:42:07.113630 [NAS] [I] MCC=61441, MNC=65281
16:42:07.113661 [NAS] [I] Generated k_asme=8d42d1bb804bb453cc006ded4b82dd55de668b2b6199735d2dae72fa247097ed
16:42:07.113666 [NAS] [I] Network authentication successful
16:42:07.113669 [NAS] [I] Sending Authentication Response
NAS generated SDU (len=11):
[07 53 08 0c 72 8a 67 57 b3 c2 b9 ];
16:42:07.113676 [NAS] [I] DL lcid PDU
             0000: 37 37 c7 67 ae 00 07 5d 02 01 02 e0 60 c1 
16:42:07.113681 [NAS] [I] DL lcid Decrypted PDU
             0000: 37 37 c7 67 ae 00 07 5d 02 01 02 e0 60 c1 
16:42:07.113694 [NAS] [I] Received Security Mode Command ksi: 1, eea: EEA0, eia: 128-EIA2
16:42:07.113706 [NAS] [D] NAS encryption key - k_nas_enc
             0000: 38 61 66 94 5c 30 0e 92 49 7e fb ce 3b 2c ad 96 
             0010: ef 3c 83 4b f8 a5 eb 4c e3 85 db 60 e9 92 85 9e 
16:42:07.113712 [NAS] [D] NAS integrity key - k_nas_int
             0000: ff 79 be dd c2 b9 39 eb 0b 2f cc 30 ef 6d 00 37 
             0010: 5b ae 51 b3 c0 26 2a 09 2e 2f b3 e5 d3 bc 0f 44 
16:42:07.113717 [NAS] [D] Generating integrity check. integ_algo:2, count_dl:0, lcid:1
16:42:07.113734 [NAS] [I] Integrity check ok. Local: count=0, Received: count=0
16:42:07.113743 [NAS] [I] Sending Security Mode Complete nas_current_ctxt.tx_count=0, RB=lcid
NAS generated SDU (len=19):
[47 06 5f a3 90 00 07 5e 23 09 33 35 94 00 96 78 33 51 f3 ];
16:42:07.115939 [NAS] [I] Attach Request
16:42:07.115966 [NAS] [I] Starting PLMN Search...
16:42:07.115973 [NAS] [D] State = REGISTERED INITIATED
16:42:07.115987 [NAS] [I] Generating PDN Connectivity Request
16:42:07.115997 [NAS] [I] Requesting IMSI attach (IMSI=001010123456789)
16:42:07.116007 [NAS] [I] Sending attach request
NAS generated SDU (len=21):
[07 41 01 08 09 10 10 10 32 54 76 98 02 e0 60 00 04 02 01 d0 11 ];
<end of output>
Test time =   0.02 sec
----------------------------------------------------------
Test Passed.
"nas_test" end time: Apr 17 16:42 CST
"nas_test" time elapsed: 00:00:00
----------------------------------------------------------

End testing: Apr 17 16:42 CST
